[15/12/2009 14:37:29] Dragon: gm tem um bug aki
[15/12/2009 14:37:30] Lord Magu: tem mna  rune
[15/12/2009 14:37:43] Dragon: gm tem um bug aki
[15/12/2009 14:37:48] Dragon: algum on?
[15/12/2009 14:41:38] Lord Magu: tem mana  rune ?
[15/12/2009 14:50:41] Lord Magu: ADM  TEM MANA  RUNE
[15/12/2009 14:50:45] Lord Magu: !ONLINE
[15/12/2009 14:51:57] Guu Kiika: ow
[15/12/2009 14:51:57] Guu Kiika: ow
[15/12/2009 14:52:20] Elwin Assin: god esse nogocia aki q mostra quando up
[15/12/2009 14:52:24] Elwin Assin: é estranho
[15/12/2009 14:53:46] Guu Kiika: k
[15/12/2009 14:53:47] Guu Kiika: k
[15/12/2009 14:53:47] Guu Kiika: k
[15/12/2009 14:54:41] Lord Magu: ADM  TEM MANA  RUNE
[15/12/2009 15:15:45] Entraa: E ae? novidades?
[3/7/2014 4:34:50] Cannabis Pallazin: ADM
[3/7/2014 4:34:52] Cannabis Pallazin: tas ae..
[14/9/2020 0:54:28] Sex Love: ADM TA AE
[14/9/2020 13:57:1] Lolilops: GOGO QUESTS RAPAZIADA
[15/9/2020 0:22:50] Lolilops: adm
[15/9/2020 1:10:6] Lolilops: eae adm
[15/9/2020 15:19:59] Joker: adm n iria tirar os grim da hunt mano?
[15/9/2020 16:0:21] Super Xandao: como ativa o autoloot
[15/9/2020 16:2:5] Joker: acho q apena consegue usar se comprar ele no npc
[15/9/2020 16:5:29] Super Xandao: lol
[15/9/2020 16:6:1] Super Xandao: oq aconteceu ?????????? eu tava com muita coisa na bp dae caiu e voltei como se tivesse lvl 8 sem nada 
[15/9/2020 16:6:45] Super Xandao: lol que merda vai toma no cu
[15/9/2020 16:7:9] Joker: aqui fudeu td tambem.. voltei sem addon e o carai
[15/9/2020 16:8:14] Super Xandao: vai toma no cu mano que merda
[15/9/2020 16:8:19] Super Xandao: ja desanimei 
[15/9/2020 16:8:30] Super Xandao: nao tenho grana mais nem pra compra as minhas pot
[15/9/2020 16:8:55] Super Xandao: o ot nao salvo e deu rolback
[15/9/2020 16:9:57] Joker: rlx que hj a noite abre o zinx de novo
[15/9/2020 16:10:22] Super Xandao: nem me fale mano kkkkkk nao vejo a hora
[15/9/2020 15:36:29] Jahpado: o que é esse war imperium?
[15/9/2020 16:27:0] Oz'loka: oi
[15/9/2020 16:27:1] Oz'loka: ?
[15/9/2020 16:27:22] Oz'loka: aonde compra backpack?
[15/9/2020 16:44:56] Oz'loka: q lixo eu perdi 4 rh
[15/9/2020 16:45:21] Oz'loka: cade minhas backpack que lixo
