[23/04/2010 14:52:26] /i backpack
[07/05/2010 23:02:43] /a 30
[07/05/2010 23:02:45] /a 30
[07/05/2010 23:02:49] /a 30
[07/05/2010 23:02:51] /a 30
[07/05/2010 23:02:54] /a 30
[07/05/2010 23:02:57] /a 30
[07/05/2010 23:02:59] /a 30
[07/05/2010 23:03:01] /a 30
[07/05/2010 23:03:03] /a 3
[07/05/2010 23:03:45] /t
[07/05/2010 23:04:31] /t
[07/05/2010 23:11:35] /reload config
[15/05/2010 12:00:38] /a 40
[15/05/2010 12:00:40] /a 40
[15/05/2010 12:00:41] /a 40
[15/05/2010 12:02:03] /goto old jumper
[15/05/2010 12:02:17] /goto old jumper
[15/05/2010 12:02:54] /i crystal coin
[15/05/2010 12:03:24] /a 3
[15/05/2010 12:04:45] /t
[15/05/2010 12:08:16] /addskill god raymond,Level
[15/05/2010 12:08:16] /addskill god raymond,Level
[15/05/2010 12:08:16] /addskill god raymond,Level
[15/05/2010 12:08:16] /addskill god raymond,Level
[15/05/2010 12:08:16] /addskill god raymond,Level
[15/05/2010 12:08:16] /addskill god raymond,Level
[15/05/2010 12:08:16] /addskill god raymond,Level
[15/05/2010 12:08:16] /addskill god raymond,Level
[15/05/2010 12:08:16] /addskill god raymond,Level
[15/05/2010 12:08:16] /addskill god raymond,Level
[15/05/2010 12:08:16] /addskill god raymond,Level
[15/05/2010 12:08:17] /addskill god raymond,Level
[15/05/2010 12:08:17] /addskill god raymond,Level
[15/05/2010 12:08:17] /addskill god raymond,Level
[15/05/2010 12:08:17] /addskill god raymond,Level
[15/05/2010 12:08:17] /addskill god raymond,Level
[15/05/2010 12:08:17] /addskill god raymond,Level
[15/05/2010 12:08:17] /addskill god raymond,Level
[15/05/2010 12:08:17] /addskill god raymond,Level
[15/05/2010 12:08:17] /addskill god raymond,Level
[15/05/2010 12:08:17] /addskill god raymond,Level
[15/05/2010 12:08:17] /addskill god raymond,Level
[15/05/2010 12:08:17] /addskill god raymond,Level
[15/05/2010 12:08:17] /addskill god raymond,Level
[15/05/2010 12:08:17] /addskill god raymond,Level
[15/05/2010 12:08:17] /addskill god raymond,Level
[15/05/2010 12:08:17] /addskill god raymond,Level
[15/05/2010 12:08:17] /addskill god raymond,Level
[15/05/2010 12:08:17] /addskill god raymond,Level
[15/05/2010 12:08:17] /addskill god raymond,Level
[15/05/2010 12:08:17] /addskill god raymond,Level
[15/05/2010 12:08:17] /addskill god raymond,Level
[15/05/2010 12:08:17] /addskill god raymond,Level
[15/05/2010 12:08:17] /addskill god raymond,Level
[15/05/2010 12:08:17] /addskill god raymond,Level
[15/05/2010 12:08:17] /addskill god raymond,Level
[15/05/2010 12:08:17] /addskill god raymond,Level
[15/05/2010 12:08:17] /addskill god raymond,Level
[15/05/2010 12:08:17] /addskill god raymond,Level
[15/05/2010 12:08:17] /addskill god raymond,Level
[15/05/2010 12:08:38] /addskill GOD Raymond,level
[15/05/2010 12:08:38] /addskill GOD Raymond,level
[15/05/2010 12:08:39] /addskill GOD Raymond,level
[15/05/2010 12:08:39] /addskill GOD Raymond,level
[15/05/2010 12:08:39] /addskill GOD Raymond,level
[15/05/2010 12:08:39] /addskill GOD Raymond,level
[15/05/2010 12:08:39] /addskill GOD Raymond,level
[15/05/2010 12:08:39] /addskill GOD Raymond,level
[15/05/2010 12:08:39] /addskill GOD Raymond,level
[15/05/2010 12:08:39] /addskill GOD Raymond,level
[15/05/2010 12:08:39] /addskill GOD Raymond,level
[15/05/2010 12:08:40] /addskill GOD Raymond,level
[15/05/2010 12:08:40] /addskill GOD Raymond,level
[15/05/2010 12:08:40] /addskill GOD Raymond,level
[15/05/2010 12:08:40] /addskill GOD Raymond,level
[15/05/2010 12:08:40] /addskill GOD Raymond,level
[15/05/2010 12:08:40] /addskill GOD Raymond,level
[15/05/2010 12:08:40] /addskill GOD Raymond,level
[15/05/2010 12:08:40] /addskill GOD Raymond,level
[15/05/2010 12:08:40] /addskill GOD Raymond,level
[15/05/2010 12:08:40] /addskill GOD Raymond,level
[15/05/2010 12:08:41] /addskill GOD Raymond,level
[15/05/2010 12:08:41] /addskill GOD Raymond,level
[15/05/2010 12:08:41] /addskill GOD Raymond,level
[15/05/2010 12:08:41] /addskill GOD Raymond,level
[15/05/2010 12:08:41] /addskill GOD Raymond,level
[15/05/2010 12:08:41] /addskill GOD Raymond,level
[15/05/2010 12:08:41] /addskill GOD Raymond,level
[15/05/2010 12:08:41] /addskill GOD Raymond,level
[15/05/2010 12:08:41] /addskill GOD Raymond,level
[15/05/2010 12:08:41] /addskill GOD Raymond,level
[15/05/2010 12:08:41] /addskill GOD Raymond,level
[15/05/2010 12:08:42] /addskill GOD Raymond,level
[15/05/2010 12:08:42] /addskill GOD Raymond,level
[15/05/2010 12:08:42] /addskill GOD Raymond,level
[15/05/2010 12:08:42] /addskill GOD Raymond,level
[15/05/2010 12:08:42] /addskill GOD Raymond,level
[15/05/2010 12:08:42] /addskill GOD Raymond,level
[15/05/2010 12:08:42] /addskill GOD Raymond,level
[15/05/2010 12:08:42] /addskill GOD Raymond,level
[15/05/2010 12:08:42] /addskill GOD Raymond,level
[15/05/2010 12:08:42] /addskill GOD Raymond,level
[15/05/2010 12:08:43] /addskill GOD Raymond,level
[15/05/2010 12:08:43] /addskill GOD Raymond,level
[15/05/2010 12:08:43] /addskill GOD Raymond,level
[15/05/2010 12:08:43] /addskill GOD Raymond,level
[15/05/2010 12:08:43] /addskill GOD Raymond,level
[15/05/2010 12:08:43] /addskill GOD Raymond,level
[15/05/2010 12:08:43] /addskill GOD Raymond,level
[15/05/2010 12:08:43] /addskill GOD Raymond,level
[15/05/2010 12:08:43] /addskill GOD Raymond,level
[15/05/2010 12:08:43] /addskill GOD Raymond,level
[15/05/2010 12:08:44] /addskill GOD Raymond,level
[15/05/2010 12:08:44] /addskill GOD Raymond,level
[15/05/2010 12:08:44] /addskill GOD Raymond,level
[15/05/2010 12:08:44] /addskill GOD Raymond,level
[15/05/2010 12:08:44] /addskill GOD Raymond,level
[15/05/2010 12:08:44] /addskill GOD Raymond,level
[15/05/2010 12:08:44] /addskill GOD Raymond,level
[15/05/2010 12:08:44] /addskill GOD Raymond,level
[15/05/2010 12:08:44] /addskill GOD Raymond,level
[15/05/2010 12:08:44] /addskill GOD Raymond,level
[15/05/2010 12:08:45] /addskill GOD Raymond,level
[15/05/2010 12:08:45] /addskill GOD Raymond,level
[15/05/2010 12:08:45] /addskill GOD Raymond,level
[15/05/2010 12:08:45] /addskill GOD Raymond,level
[15/05/2010 12:08:45] /addskill GOD Raymond,level
[15/05/2010 12:08:45] /addskill GOD Raymond,level
[15/05/2010 12:08:45] /addskill GOD Raymond,level
[15/05/2010 12:08:45] /addskill GOD Raymond,level
[15/05/2010 12:08:45] /addskill GOD Raymond,level
[15/05/2010 12:08:45] /addskill GOD Raymond,level
[15/05/2010 12:08:46] /addskill GOD Raymond,level
[15/05/2010 12:08:46] /addskill GOD Raymond,level
[15/05/2010 12:08:46] /addskill GOD Raymond,level
[15/05/2010 12:08:46] /addskill GOD Raymond,level
[15/05/2010 12:08:46] /addskill GOD Raymond,level
[15/05/2010 12:08:46] /addskill GOD Raymond,level
[15/05/2010 12:08:46] /addskill GOD Raymond,level
[15/05/2010 12:08:46] /addskill GOD Raymond,level
[15/05/2010 12:08:46] /addskill GOD Raymond,level
[15/05/2010 12:08:46] /addskill GOD Raymond,level
[15/05/2010 12:08:47] /addskill GOD Raymond,level
[15/05/2010 12:08:47] /addskill GOD Raymond,level
[15/05/2010 12:08:47] /addskill GOD Raymond,level
[15/05/2010 12:08:47] /addskill GOD Raymond,level
[15/05/2010 12:10:14] /attr
[15/05/2010 12:10:16] /attr
[15/07/2010 21:52:26] /i crystal coin
[15/07/2010 21:54:35] /newtype 336
[15/07/2010 21:54:39] /newtype 337
[15/07/2010 21:54:41] /newtype 400
[15/07/2010 21:54:46] /newtype 419
[15/07/2010 21:54:50] /newtype 354
[15/07/2010 21:56:09] /newtype 367
[15/07/2010 21:56:18] /newtype 366
[15/07/2010 21:56:20] /newtype 366
[15/07/2010 21:57:49] /reload xml
[15/07/2010 21:57:55] /reload outfits
[15/07/2010 22:05:33] /i 7590
[15/07/2010 22:14:41] /reload monsters
[15/07/2010 22:14:59] /m draken elite
[15/07/2010 22:19:26] /i expedition backpack
[15/07/2010 22:20:53] /m draken elite
[15/07/2010 22:24:39] /reload actions
[28/07/2010 21:53:31] /i 7590
[28/07/2010 21:55:27] /m draken elite
[28/07/2010 22:07:45] /info GOD Raymond
[28/07/2010 22:16:37] /i 7634
[28/07/2010 22:20:49] /i elite draken mail
[28/07/2010 22:25:15] /goto hellgorak
[28/07/2010 22:29:12] /t
[28/07/2010 22:35:35] /t
[28/07/2010 22:37:15] /t
[28/07/2010 22:40:41] /i 11393
[28/07/2010 22:42:48] /t
[28/07/2010 22:43:18] /m triple medusa
[28/07/2010 22:47:49] /i refinador
[28/07/2010 22:47:55] /i refinador
[28/07/2010 22:48:01] /i refinador
[28/07/2010 22:48:07] /i refinador
[28/07/2010 22:48:10] /i refinador
[28/07/2010 22:48:14] /i refinador
[28/07/2010 22:49:14] /i crystal coin
[28/07/2010 13:39:56] /vip add god raymond 5
[28/07/2010 13:40:00] /vip
[28/07/2010 13:40:09] /vip add 5 god raymond
[28/07/2010 13:40:46] /i draken elite mail
[28/07/2010 13:41:11] /i elite draken helmet
[28/07/2010 13:41:28] /i yalahari mask
[28/07/2010 13:41:51] /i elite draken mail
[28/07/2010 13:42:03] /i elite draken legs
[28/07/2010 13:42:21] /i draken boots
[28/07/2010 13:47:56] /i broken key
[28/07/2010 13:54:56] /i corruption blade
[28/07/2010 13:55:14] /i Royal Scale Robe
[28/07/2010 13:55:37] /i 13003
[28/07/2010 13:57:47] /i 12567
[28/07/2010 13:58:03] /i 12566
[28/07/2010 13:58:11] /i 12570
[28/07/2010 13:58:16] /i 12571
[28/07/2010 13:58:19] /i 12580
[28/07/2010 13:58:25] /i 12590
[28/07/2010 13:58:35] /i 12569
[28/07/2010 13:58:56] /i 12564
[28/07/2010 13:58:59] /i 12570
[28/07/2010 13:59:05] /i 12602
[28/07/2010 13:59:08] /i 12603
[28/07/2010 13:59:13] /i 12604
[28/07/2010 14:04:12] /i 12605
[28/07/2010 14:04:20] /i 12607
[28/07/2010 14:04:24] /i 12608
[28/07/2010 14:10:11] /i old cape
[28/07/2010 14:10:22] /i backpack
[28/07/2010 14:10:31] /i 12609
[28/07/2010 14:10:37] /i 12610
[28/07/2010 14:10:44] /i 12611
[28/07/2010 14:10:46] /i 12612
[28/07/2010 14:10:52] /i 12608
[28/07/2010 14:10:56] /i 12611
[28/07/2010 14:10:58] /i 12612
[28/07/2010 14:10:59] /i 12613
[28/07/2010 14:11:00] /i 12614
[28/07/2010 14:11:05] /i 12615
[28/07/2010 14:11:09] /i 12616
[28/07/2010 14:11:13] /i 12617
[28/07/2010 14:11:14] /i 12618
[28/07/2010 14:11:18] /i 12619
[28/07/2010 14:11:21] /i 12620
[28/07/2010 14:11:23] /i 12621
[28/07/2010 14:11:27] /i 12622
[28/07/2010 14:11:31] /i 12599
[28/07/2010 14:11:34] /i 12598
[28/07/2010 14:11:35] /i 12597
[28/07/2010 14:11:42] /i 12594
[28/07/2010 14:11:45] /i 12595
[28/07/2010 14:11:47] /i 12596
[28/07/2010 14:11:50] /i 12592
[28/07/2010 14:11:51] /i 12591
[28/07/2010 14:11:54] /i 12590
[28/07/2010 14:11:57] /i 12580
[28/07/2010 14:12:00] /i 12581
[28/07/2010 14:12:02] /i 12582
[28/07/2010 14:12:03] /i 12583
[28/07/2010 14:12:06] /i 12570
[28/07/2010 14:12:08] /i 12571
[28/07/2010 14:12:11] /i 12560
[28/07/2010 14:12:14] /i 12561
[28/07/2010 14:12:16] /i 12562
[28/07/2010 14:12:42] /i 12563
[28/07/2010 14:12:54] /i 12550
[28/07/2010 14:12:57] /i 12530
[28/07/2010 14:13:00] /i 12520
[28/07/2010 14:13:03] /i 12510
[28/07/2010 14:13:05] /i 12511
[28/07/2010 14:13:07] /i 12512
[28/07/2010 14:13:10] /i 12513
[28/07/2010 14:13:15] /i 12500
[28/07/2010 14:13:18] /i 12501
[28/07/2010 14:13:20] /i 12502
[28/07/2010 14:13:21] /i 12503
[28/07/2010 14:13:23] /i 12504
[28/07/2010 14:13:28] /i 12400
[28/07/2010 14:13:30] /i 12420
[28/07/2010 14:13:32] /i 12421
[28/07/2010 14:13:36] /i 12421
[28/07/2010 14:13:38] /i 12423
[28/07/2010 14:13:45] /i 12430
[28/07/2010 14:13:47] /i 12434
[28/07/2010 14:13:50] /i 12434
[28/07/2010 14:13:58] /i 12440
[28/07/2010 14:14:02] /i 12450
[28/07/2010 14:14:04] /i 12451
[28/07/2010 14:14:24] /i 12460
[28/07/2010 14:14:28] /i 12461
[28/07/2010 14:14:32] /i 12459
[28/07/2010 14:14:36] /i 12474
[28/07/2010 14:14:39] /i 12474
[28/07/2010 14:14:40] /i 12474
[28/07/2010 14:14:43] /i 12480
[28/07/2010 14:14:46] /i 12496
[28/07/2010 14:17:48] /reload movements
[28/07/2010 14:19:16] /reload movements
[28/07/2010 14:19:36] /info GOD Raymond
[28/07/2010 14:19:41] /info GOD Raymond
[28/07/2010 14:22:21] /reload movements
[28/07/2010 14:26:40] /t
[30/07/2010 11:14:38] /i 12604
[30/07/2010 11:15:05] /i 12602
[30/07/2010 11:15:12] /i 12608
[30/07/2010 11:15:16] /i 12609
[30/07/2010 11:15:21] /i 12610
[30/07/2010 11:15:26] /i 12611
[30/07/2010 11:15:30] /i 12612
[30/07/2010 11:26:16] /info GOD Raymond
[30/07/2010 11:26:24] /info GOD Raymond
[30/07/2010 11:28:57] /m Draken Abomination
[30/07/2010 11:33:59] /reload movements
[30/07/2010 11:34:19] /info GOD Raymond
[30/07/2010 11:36:18] /i Shield of Corruption
[30/07/2010 11:36:24] /i Shield of Corruption
[30/07/2010 11:40:09] /i royal elite draken
[30/07/2010 11:40:29] /i elite draken helmet
[30/07/2010 12:00:25] /reload movements
[30/07/2010 12:02:15] /reload movements
[30/07/2010 12:07:51] /reload movements
[30/07/2010 12:09:50] /i broken key ring
[30/07/2010 12:15:38] /reload movements
[30/07/2010 12:31:07] /i royal draken robe
[30/07/2010 12:31:30] /i Royal Scale Robe
[30/07/2010 12:31:55] /i Royal Scale legs
[30/07/2010 12:32:12] /a 3
[30/07/2010 12:38:51] /i Executioner
[30/07/2010 12:40:30] /i lizard backpack
[30/07/2010 12:41:02] /i 11234
[30/07/2010 12:41:05] /i 11239
[30/07/2010 12:41:08] /i 11238
[30/07/2010 12:41:11] /i 11237
[30/07/2010 12:41:21] /i 112310
[30/07/2010 12:41:29] /a 3
[30/07/2010 12:41:32] /i 11237
[30/07/2010 12:41:36] /i 11239
[30/07/2010 12:41:39] /i 11240
[30/07/2010 12:41:43] /i 11234
[30/07/2010 12:41:45] /i 1123
[30/07/2010 12:41:48] /i 11233
[30/07/2010 12:41:58] /i 11230
[30/07/2010 12:42:00] /i 11231
[30/07/2010 12:42:02] /i 11232
[30/07/2010 12:42:28] /i 11238
[30/07/2010 12:42:32] /i 11241
[30/07/2010 12:42:35] /i 11242
[30/07/2010 12:42:37] /i 11243
[30/07/2010 12:42:40] /i 11244
[30/07/2010 12:42:42] /i 11245
[30/07/2010 12:42:46] /i 11246
[30/07/2010 12:44:46] /i 11256
[30/07/2010 12:44:48] /i 11255
[30/07/2010 12:44:50] /i 11254
[30/07/2010 12:44:51] /i 11253
[30/07/2010 12:44:53] /i 11258
[30/07/2010 12:44:55] /i 11257
[30/07/2010 12:44:57] /i 11259
[30/07/2010 12:45:00] /i 11260
[30/07/2010 12:45:04] /i 11258
[30/07/2010 12:45:08] /i 11254
[30/07/2010 12:45:11] /i 11240
[30/07/2010 12:45:13] /i 11249
[30/07/2010 12:45:15] /i 11248
[30/07/2010 12:47:43] /i 11520
[30/07/2010 12:47:46] /i 11521
[30/07/2010 12:47:49] /i 11522
[30/07/2010 12:47:54] /i 11530
[30/07/2010 12:47:56] /i 11531
[30/07/2010 12:48:00] /i 11559
[30/07/2010 12:48:05] /i 11570
[30/07/2010 12:48:08] /i 11563
[30/07/2010 12:48:14] /i 11562
[30/07/2010 12:48:21] /i 12567
[30/07/2010 12:48:24] /i 12590
[30/07/2010 12:48:27] /i 12571
[30/07/2010 12:48:29] /i 12570
[30/07/2010 12:48:36] /i 12571
[30/07/2010 12:48:38] /i 12572
[30/07/2010 12:48:40] /i 12573
[30/07/2010 12:48:45] /i 12574
[30/07/2010 12:49:53] /i 12575
[30/07/2010 12:49:56] /i 12576
[30/07/2010 12:50:01] /i 12577
[30/07/2010 12:50:09] /i 12570
[30/07/2010 12:50:12] /i 12569
[30/07/2010 12:59:09] /m draken elite
[30/07/2010 13:00:18] /m draken walker
[30/07/2010 13:01:27] /i 12569
[30/07/2010 13:01:30] /i 12568
[30/07/2010 13:01:32] /i 12567
[30/07/2010 13:01:34] /i 12566
[30/07/2010 13:01:37] /i 12565
[30/07/2010 13:01:39] /i 12564
[30/07/2010 13:01:42] /i 12563
[30/07/2010 13:01:44] /i 12562
[30/07/2010 13:01:46] /i 12561
[30/07/2010 13:01:48] /i 12560
[30/07/2010 13:01:50] /i 12559
[30/07/2010 13:01:57] /i 12576
[30/07/2010 13:01:59] /i 12577
[30/07/2010 13:02:01] /i 12578
[30/07/2010 13:02:03] /i 12579
[30/07/2010 13:02:06] /i 12580
[30/07/2010 13:02:08] /i 12581
[30/07/2010 13:02:09] /i 12582
[30/07/2010 13:02:11] /i 12583
[30/07/2010 13:02:12] /i 12584
[30/07/2010 13:02:15] /i 12585
[30/07/2010 13:02:17] /i 12586
[30/07/2010 13:02:19] /i 12587
[30/07/2010 13:02:21] /i 12589
[30/07/2010 13:02:34] /i 12590
[30/07/2010 13:02:36] /i 12591
[30/07/2010 13:02:37] /i 12592
[30/07/2010 13:02:39] /i 12593
[30/07/2010 13:02:40] /i 12594
[30/07/2010 13:02:42] /i 12595
[30/07/2010 13:02:43] /i 12596
[30/07/2010 13:02:46] /i 12597
[30/07/2010 13:02:48] /i 12598
[30/07/2010 13:02:50] /i 12599
[30/07/2010 13:02:53] /i 12600
[30/07/2010 13:02:55] /i 12601
[30/07/2010 13:02:57] /i 12602
[30/07/2010 13:02:59] /i 12603
[30/07/2010 13:03:01] /i 12604
[30/07/2010 13:03:05] /i 12605
[30/07/2010 13:03:07] /i 12606
[30/07/2010 13:03:09] /i 12607
[30/07/2010 13:03:11] /i 12608
[30/07/2010 13:03:12] /i 12609
[30/07/2010 13:03:16] /i 12610
[30/07/2010 13:03:19] /i 12611
[30/07/2010 13:03:22] /i 12612
[30/07/2010 13:03:24] /i 12613
[30/07/2010 13:03:27] /i 12614
[30/07/2010 13:03:30] /i 12615
[30/07/2010 13:03:32] /i 12616
[30/07/2010 13:03:34] /i 12617
[30/07/2010 13:03:35] /i 12618
[30/07/2010 13:03:37] /i 12619
[30/07/2010 13:03:40] /i 12620
[30/07/2010 13:03:43] /i 12621
[30/07/2010 13:03:48] /i 12622
[30/07/2010 13:03:49] /i 12623
[30/07/2010 13:03:51] /i 12624
[30/07/2010 13:08:21] /reload monsters
[30/07/2010 13:08:43] /m draken abomination
[30/07/2010 13:10:55] /m abomination fury
[30/07/2010 13:12:55] /a 10
[30/07/2010 13:12:57] /a 10
[30/07/2010 13:29:11] /m death blob
[30/07/2010 13:29:43] /reload monster
[30/07/2010 13:29:45] /a 3
[30/07/2010 13:29:46] /a 3
[30/07/2010 13:29:47] /a 3
[30/07/2010 13:29:55] /m draken abomination
[30/07/2010 13:35:03] /goto halvar
[30/07/2010 13:35:10] /a 3
[30/07/2010 13:35:12] /a 3
[30/07/2010 13:37:18] /t
[30/07/2010 13:45:07] /info GOD Raymond
[30/07/2010 13:48:58] /i Jewelled
[30/07/2010 13:49:44] /i key ring
[31/07/2010 13:36:16] /m soul leater
[31/07/2010 13:37:04] /i royal draken helmety
[31/07/2010 13:37:53] /i elite draken helmet
[31/07/2010 13:43:20] /i royal draken mail
[31/07/2010 13:45:00] /i ferumbras doll
[31/07/2010 13:45:12] /i 11391
[31/07/2010 13:45:23] /i 11393
[31/07/2010 13:46:31] /i magic crystal
[31/07/2010 13:49:05] /m draken elite
[31/07/2010 15:42:04] /i draken boots
[31/07/2010 15:42:22] /n esrik
[31/07/2010 15:43:12] /i elite draken helmet
[31/07/2010 15:43:31] /i elite draken shield
[31/07/2010 15:43:53] /r
[31/07/2010 15:44:15] /r
[31/07/2010 15:44:17] /r
[31/07/2010 15:46:38] /i great health potion
[31/07/2010 22:20:28] /i ultimate healing rune
[31/07/2010 22:20:33] /i ultimate healing rune
[31/07/2010 22:30:04] /i great health potion
[31/07/2010 22:38:40] /i sudden death rune
[31/07/2010 22:40:49] /i sudden death rune
[31/07/2010 22:40:51] /i sudden death rune
[31/07/2010 22:55:40] /reload npc
[31/07/2010 22:56:59] /clean
[12/07/2011 01:44:03] /goto joony
[12/07/2011 01:44:08] /goto jonny
[12/07/2011 01:44:12] /goto jonny
[12/07/2011 01:46:29] /r
[12/07/2011 01:46:32] /goto jonny
[12/07/2011 01:46:33] /goto jonny
[12/07/2011 01:46:35] /r
[12/07/2011 01:46:41] /r
[12/07/2011 01:46:42] /goto jonny
[12/07/2011 01:46:47] /r
[12/07/2011 01:50:11] /t
[12/07/2011 02:41:09] /up
[12/07/2011 02:41:18] /up
[12/07/2011 02:41:21] /up
[12/07/2011 02:42:27] /goto target
[12/07/2011 03:01:15] /addskill GOD Raymond,magiclevel
[12/07/2011 03:27:20] /goto the incendier
[12/07/2011 03:28:27] /goto the incendier
[12/07/2011 03:28:47] /t
[12/07/2011 03:37:04] /i crystal coin
[17/07/2011 22:45:52] /t
[17/07/2011 22:46:11] /i worn soft boots
[17/07/2011 22:46:17] /i pair of worn soft boots
[17/07/2011 22:48:30] /addskill GOD Raymond,level
[17/07/2011 22:48:31] /addskill GOD Raymond,level
[17/07/2011 22:48:31] /addskill GOD Raymond,level
[17/07/2011 22:48:31] /addskill GOD Raymond,level
[17/07/2011 22:48:31] /addskill GOD Raymond,level
[17/07/2011 22:48:31] /addskill GOD Raymond,level
[17/07/2011 22:48:31] /addskill GOD Raymond,level
[17/07/2011 22:48:31] /addskill GOD Raymond,level
[17/07/2011 22:48:31] /addskill GOD Raymond,level
[17/07/2011 22:48:31] /addskill GOD Raymond,level
[17/07/2011 22:48:32] /addskill GOD Raymond,level
[17/07/2011 22:48:32] /addskill GOD Raymond,level
[17/07/2011 22:48:32] /addskill GOD Raymond,level
[17/07/2011 22:48:32] /addskill GOD Raymond,level
[17/07/2011 22:48:32] /addskill GOD Raymond,level
[17/07/2011 22:48:32] /addskill GOD Raymond,level
[17/07/2011 22:48:32] /addskill GOD Raymond,level
[17/07/2011 22:48:32] /addskill GOD Raymond,level
[17/07/2011 22:48:33] /addskill GOD Raymond,level
[17/07/2011 22:48:33] /addskill GOD Raymond,level
[17/07/2011 22:48:33] /addskill GOD Raymond,level
[17/07/2011 22:48:33] /addskill GOD Raymond,level
[17/07/2011 22:48:33] /addskill GOD Raymond,level
[17/07/2011 22:48:33] /addskill GOD Raymond,level
[17/07/2011 22:48:33] /addskill GOD Raymond,level
[17/07/2011 22:48:34] /addskill GOD Raymond,level
[17/07/2011 22:48:34] /addskill GOD Raymond,level
[17/07/2011 22:48:34] /addskill GOD Raymond,level
[17/07/2011 22:48:34] /addskill GOD Raymond,level
[17/07/2011 22:48:34] /addskill GOD Raymond,level
[17/07/2011 22:48:34] /addskill GOD Raymond,level
[17/07/2011 22:48:34] /addskill GOD Raymond,level
[17/07/2011 22:48:34] /addskill GOD Raymond,level
[17/07/2011 22:48:34] /addskill GOD Raymond,level
[17/07/2011 22:48:35] /addskill GOD Raymond,level
[17/07/2011 22:48:35] /addskill GOD Raymond,level
[17/07/2011 22:48:35] /addskill GOD Raymond,level
[17/07/2011 22:48:35] /addskill GOD Raymond,level
[17/07/2011 22:48:35] /addskill GOD Raymond,level
[17/07/2011 22:48:35] /addskill GOD Raymond,level
[17/07/2011 22:48:35] /addskill GOD Raymond,level
[17/07/2011 22:48:35] /addskill GOD Raymond,level
[17/07/2011 22:48:35] /addskill GOD Raymond,level
[17/07/2011 22:48:35] /addskill GOD Raymond,level
[17/07/2011 22:48:36] /addskill GOD Raymond,level
[17/07/2011 22:48:36] /addskill GOD Raymond,level
[17/07/2011 22:48:36] /addskill GOD Raymond,level
[17/07/2011 22:48:36] /addskill GOD Raymond,level
[17/07/2011 22:48:36] /addskill GOD Raymond,level
[17/07/2011 22:48:36] /addskill GOD Raymond,level
[17/07/2011 22:48:37] /addskill GOD Raymond,level
[17/07/2011 22:48:37] /addskill GOD Raymond,level
[17/07/2011 22:48:37] /addskill GOD Raymond,level
[17/07/2011 22:48:37] /addskill GOD Raymond,level
[17/07/2011 22:48:37] /addskill GOD Raymond,level
[17/07/2011 22:48:37] /addskill GOD Raymond,level
[17/07/2011 22:48:37] /addskill GOD Raymond,level
[17/07/2011 22:48:37] /addskill GOD Raymond,level
[17/07/2011 22:48:37] /addskill GOD Raymond,level
[17/07/2011 22:48:38] /addskill GOD Raymond,level
[17/07/2011 22:48:38] /addskill GOD Raymond,level
[17/07/2011 22:48:38] /addskill GOD Raymond,level
[17/07/2011 22:48:38] /addskill GOD Raymond,level
[17/07/2011 22:48:38] /addskill GOD Raymond,level
[17/07/2011 22:48:38] /addskill GOD Raymond,level
[17/07/2011 22:48:38] /addskill GOD Raymond,level
[17/07/2011 22:48:38] /addskill GOD Raymond,level
[17/07/2011 22:48:38] /addskill GOD Raymond,level
[17/07/2011 22:48:39] /addskill GOD Raymond,level
[17/07/2011 22:48:39] /addskill GOD Raymond,level
[17/07/2011 22:48:39] /addskill GOD Raymond,level
[17/07/2011 22:48:39] /addskill GOD Raymond,level
[17/07/2011 22:48:39] /addskill GOD Raymond,level
[17/07/2011 22:48:39] /addskill GOD Raymond,level
[17/07/2011 22:48:39] /addskill GOD Raymond,level
[17/07/2011 22:48:39] /addskill GOD Raymond,level
[17/07/2011 22:48:39] /addskill GOD Raymond,level
[17/07/2011 22:48:39] /addskill GOD Raymond,level
[17/07/2011 22:48:40] /addskill GOD Raymond,level
[17/07/2011 22:48:40] /addskill GOD Raymond,level
[17/07/2011 22:48:40] /addskill GOD Raymond,level
[17/07/2011 22:48:40] /addskill GOD Raymond,level
[17/07/2011 22:48:40] /addskill GOD Raymond,level
[17/07/2011 22:48:40] /addskill GOD Raymond,level
[17/07/2011 22:48:40] /addskill GOD Raymond,level
[17/07/2011 22:48:40] /addskill GOD Raymond,level
[17/07/2011 22:48:40] /addskill GOD Raymond,level
[17/07/2011 22:48:41] /addskill GOD Raymond,level
[17/07/2011 22:48:41] /addskill GOD Raymond,level
[17/07/2011 22:48:41] /addskill GOD Raymond,level
[17/07/2011 22:48:41] /addskill GOD Raymond,level
[17/07/2011 22:48:41] /addskill GOD Raymond,level
[17/07/2011 22:48:41] /addskill GOD Raymond,level
[17/07/2011 22:48:41] /addskill GOD Raymond,level
[17/07/2011 22:48:41] /addskill GOD Raymond,level
[17/07/2011 22:48:41] /addskill GOD Raymond,level
[17/07/2011 22:48:41] /addskill GOD Raymond,level
[17/07/2011 22:48:42] /addskill GOD Raymond,level
[17/07/2011 22:48:42] /addskill GOD Raymond,level
[17/07/2011 22:48:42] /addskill GOD Raymond,level
[17/07/2011 22:48:42] /addskill GOD Raymond,level
[17/07/2011 22:48:42] /addskill GOD Raymond,level
[17/07/2011 22:48:42] /addskill GOD Raymond,level
[17/07/2011 22:48:42] /addskill GOD Raymond,level
[17/07/2011 22:48:42] /addskill GOD Raymond,level
[17/07/2011 22:48:42] /addskill GOD Raymond,level
[17/07/2011 22:48:43] /addskill GOD Raymond,level
[17/07/2011 22:48:43] /addskill GOD Raymond,level
[17/07/2011 22:48:43] /addskill GOD Raymond,level
[17/07/2011 22:48:43] /addskill GOD Raymond,level
[17/07/2011 22:48:43] /addskill GOD Raymond,level
[17/07/2011 22:48:43] /addskill GOD Raymond,level
[17/07/2011 22:48:43] /addskill GOD Raymond,level
[17/07/2011 22:48:43] /addskill GOD Raymond,level
[17/07/2011 22:48:43] /addskill GOD Raymond,level
[17/07/2011 22:48:44] /addskill GOD Raymond,level
[17/07/2011 22:48:44] /addskill GOD Raymond,level
[17/07/2011 22:48:44] /addskill GOD Raymond,level
[17/07/2011 22:48:44] /addskill GOD Raymond,level
[17/07/2011 22:48:44] /addskill GOD Raymond,level
[17/07/2011 22:48:44] /addskill GOD Raymond,level
[17/07/2011 22:48:44] /addskill GOD Raymond,level
[17/07/2011 22:48:44] /addskill GOD Raymond,level
[17/07/2011 22:48:44] /addskill GOD Raymond,level
[17/07/2011 22:48:44] /addskill GOD Raymond,level
[17/07/2011 22:48:45] /addskill GOD Raymond,level
[17/07/2011 22:48:45] /addskill GOD Raymond,level
[17/07/2011 22:48:45] /addskill GOD Raymond,level
[17/07/2011 22:48:45] /addskill GOD Raymond,level
[17/07/2011 22:48:45] /addskill GOD Raymond,level
[17/07/2011 22:48:45] /addskill GOD Raymond,level
[17/07/2011 22:48:45] /addskill GOD Raymond,level
[17/07/2011 22:48:45] /addskill GOD Raymond,level
[17/07/2011 22:48:45] /addskill GOD Raymond,level
[17/07/2011 22:48:46] /addskill GOD Raymond,level
[17/07/2011 22:48:46] /addskill GOD Raymond,level
[17/07/2011 22:48:46] /addskill GOD Raymond,level
[17/07/2011 22:48:46] /addskill GOD Raymond,level
[17/07/2011 22:48:46] /addskill GOD Raymond,level
[17/07/2011 22:48:46] /addskill GOD Raymond,level
[17/07/2011 22:48:46] /addskill GOD Raymond,level
[17/07/2011 22:48:47] /addskill GOD Raymond,level
[17/07/2011 22:48:47] /addskill GOD Raymond,level
[17/07/2011 22:48:47] /addskill GOD Raymond,level
[17/07/2011 22:48:47] /addskill GOD Raymond,level
[17/07/2011 22:48:47] /addskill GOD Raymond,level
[17/07/2011 22:48:47] /addskill GOD Raymond,level
[17/07/2011 22:48:47] /addskill GOD Raymond,level
[17/07/2011 22:48:47] /addskill GOD Raymond,level
[17/07/2011 22:48:47] /addskill GOD Raymond,level
[17/07/2011 22:48:48] /addskill GOD Raymond,level
[17/07/2011 22:48:48] /addskill GOD Raymond,level
[17/07/2011 22:48:48] /addskill GOD Raymond,level
[17/07/2011 22:48:48] /addskill GOD Raymond,level
[17/07/2011 22:48:48] /addskill GOD Raymond,level
[17/07/2011 22:48:48] /addskill GOD Raymond,level
[17/07/2011 22:48:48] /addskill GOD Raymond,level
[17/07/2011 22:48:48] /addskill GOD Raymond,level
[17/07/2011 22:48:48] /addskill GOD Raymond,level
[17/07/2011 22:48:48] /addskill GOD Raymond,level
[17/07/2011 22:48:49] /addskill GOD Raymond,level
[17/07/2011 22:48:49] /addskill GOD Raymond,level
[17/07/2011 22:48:49] /addskill GOD Raymond,level
[17/07/2011 22:48:49] /addskill GOD Raymond,level
[17/07/2011 22:48:49] /addskill GOD Raymond,level
[17/07/2011 22:48:49] /addskill GOD Raymond,level
[17/07/2011 22:48:49] /addskill GOD Raymond,level
[17/07/2011 22:48:49] /addskill GOD Raymond,level
[17/07/2011 22:48:49] /addskill GOD Raymond,level
[17/07/2011 22:48:50] /addskill GOD Raymond,level
[17/07/2011 22:48:50] /addskill GOD Raymond,level
[17/07/2011 22:48:50] /addskill GOD Raymond,level
[17/07/2011 22:48:50] /addskill GOD Raymond,level
[17/07/2011 22:48:50] /addskill GOD Raymond,level
[17/07/2011 22:48:50] /addskill GOD Raymond,level
[17/07/2011 22:48:50] /addskill GOD Raymond,level
[17/07/2011 22:48:50] /addskill GOD Raymond,level
[17/07/2011 22:48:50] /addskill GOD Raymond,level
[17/07/2011 22:48:51] /addskill GOD Raymond,level
[17/07/2011 22:48:51] /addskill GOD Raymond,level
[17/07/2011 22:48:51] /addskill GOD Raymond,level
[17/07/2011 22:48:51] /addskill GOD Raymond,level
[17/07/2011 22:48:51] /addskill GOD Raymond,level
[17/07/2011 22:48:51] /addskill GOD Raymond,level
[17/07/2011 22:48:51] /addskill GOD Raymond,level
[17/07/2011 22:48:51] /addskill GOD Raymond,level
[17/07/2011 22:48:51] /addskill GOD Raymond,level
[17/07/2011 22:48:52] /addskill GOD Raymond,level
[17/07/2011 22:48:52] /addskill GOD Raymond,level
[17/07/2011 22:48:52] /addskill GOD Raymond,level
[17/07/2011 22:48:52] /addskill GOD Raymond,level
[17/07/2011 22:48:52] /addskill GOD Raymond,level
[17/07/2011 22:48:52] /addskill GOD Raymond,level
[17/07/2011 22:48:52] /addskill GOD Raymond,level
[17/07/2011 22:48:52] /addskill GOD Raymond,level
[17/07/2011 22:48:52] /addskill GOD Raymond,level
[17/07/2011 22:48:53] /addskill GOD Raymond,level
[17/07/2011 22:48:53] /addskill GOD Raymond,level
[17/07/2011 22:48:53] /addskill GOD Raymond,level
[17/07/2011 22:48:53] /addskill GOD Raymond,level
[17/07/2011 22:48:53] /addskill GOD Raymond,level
[17/07/2011 22:48:53] /addskill GOD Raymond,level
[17/07/2011 22:48:53] /addskill GOD Raymond,level
[17/07/2011 22:48:53] /addskill GOD Raymond,level
[17/07/2011 22:48:53] /addskill GOD Raymond,level
[17/07/2011 22:48:54] /addskill GOD Raymond,level
[17/07/2011 22:48:54] /addskill GOD Raymond,level
[17/07/2011 22:52:05] /i cristalcoin
[17/07/2011 22:52:08] /i cristal coin
[17/07/2011 22:52:14] /i crystal coin
[17/07/2011 22:52:55] /t
[17/07/2011 22:58:10] /t
[17/01/2012 00:57:15] /t
[17/01/2012 00:59:43] /t
[17/01/2012 00:59:50] /a 3
[17/01/2012 00:59:55] /t
[17/01/2012 01:00:02] /t
[17/01/2012 01:00:09] /t
[17/01/2012 01:00:16] /t
[17/01/2012 01:00:25] /t
[17/01/2012 01:00:32] /t
[17/01/2012 01:00:40] /t
[17/01/2012 01:00:58] /t
[17/01/2012 01:01:16] /t
[17/01/2012 01:01:26] /t
[17/01/2012 01:01:55] /t
[17/01/2012 01:02:01] /t
[17/01/2012 01:02:07] /t
[17/01/2012 01:02:21] /t
[17/01/2012 01:02:50] /t
[17/01/2012 01:03:21] /i shovel
[17/01/2012 01:04:10] /t
[17/01/2012 01:04:26] /t
[17/01/2012 01:04:54] /goto massacre
[17/01/2012 01:05:06] /a 6
[17/01/2012 01:05:07] /a 6
[17/01/2012 01:05:10] /a 3
[17/01/2012 01:05:43] /t
[17/01/2012 01:43:54] /reload npc
[17/01/2012 01:44:48] /t
[17/01/2012 01:44:55] /a 3
[17/01/2012 01:45:38] /t
[17/01/2012 01:53:22] /vip add 5 god raymond
[17/01/2012 01:53:34] /vip add 5 god raymond
[17/01/2012 02:07:01] /i sniper gloves
[17/01/2012 02:07:26] /i crystal coin
[17/01/2012 02:08:02] /i vampire crest
[17/01/2012 02:08:13] /i vampiric crest
[17/01/2012 02:25:57] /t
[17/01/2012 02:27:12] /addskill god raymond,magic
[17/01/2012 02:27:14] /addskill god raymond,magic
[17/01/2012 02:27:14] /addskill god raymond,magic
[17/01/2012 02:27:15] /addskill god raymond,magic
[17/01/2012 02:27:15] /addskill god raymond,magic
[17/01/2012 02:27:15] /addskill god raymond,magic
[17/01/2012 02:27:16] /addskill god raymond,magic
[17/01/2012 02:27:16] /addskill god raymond,magic
[17/01/2012 02:27:17] /addskill god raymond,magic
[17/01/2012 02:27:17] /addskill god raymond,magic
[17/01/2012 02:27:18] /addskill god raymond,magic
[17/01/2012 02:27:18] /addskill god raymond,magic
[17/01/2012 02:27:18] /addskill god raymond,magic
[17/01/2012 02:27:19] /addskill god raymond,magic
[25/6/2014 0:15:54] /t
[25/6/2014 0:16:30] /i parcel
[25/6/2014 0:20:17] /reload talkactions
[25/6/2014 0:21:38] /reload talkactions
[25/6/2014 0:23:21] /reload talkactions
[25/6/2014 0:23:48] /addskill GOD Raymond, level
[25/6/2014 0:23:55] /addskill GOD Raymond, magiclevel
[25/6/2014 0:24:6] /addskill GOD Raymond, distance
[25/6/2014 0:24:11] /addskill GOD Raymond, distance
[25/6/2014 0:24:18] /addskill GOD Raymond, sword
[25/6/2014 0:24:43] /addskill GOD Raymond, level, 50
[25/6/2014 0:25:36] /a 3
[25/6/2014 0:25:51] /a 3
[25/6/2014 0:27:19] /a 3
[25/6/2014 0:27:28] /t
[25/6/2014 0:28:47] /reload talkactions
[25/6/2014 0:29:49] /reload talkactions
[25/6/2014 1:44:9] /reload talkactions
[25/6/2014 1:49:12] !deposit all
[25/6/2014 1:49:18] !deposit 5000
[25/6/2014 1:49:42] /save
[25/6/2014 1:51:1] /reload talkactions
[25/6/2014 1:54:59] /reload talkactions
[25/6/2014 1:56:25] /reload talkactions
[25/6/2014 2:35:57] /reload talkactions
[25/6/2014 2:36:23] /reload talkactions
[25/6/2014 2:36:44] /reload talkactions
[25/6/2014 2:38:31] /reload talkactions
[25/6/2014 2:39:27] /reload talkactions
[25/6/2014 2:45:45] /t
[25/6/2014 2:45:50] /a 30
[25/6/2014 2:46:19] /goto juggernault
[25/6/2014 2:46:23] /goto juggernaut
[25/6/2014 2:46:32] /goto mr punish
[25/6/2014 2:46:37] /goto massacre
[25/6/2014 2:46:48] /a 60
[25/6/2014 2:46:51] /a 6
[25/6/2014 2:46:52] /a 6
[25/6/2014 2:46:56] /a 1
[25/6/2014 2:47:16] /t
[25/6/2014 2:47:26] /a 1
[25/6/2014 2:47:55] /t
[25/6/2014 2:49:4] /goto esrik
[25/6/2014 2:49:15] /goto massacre
[25/6/2014 2:49:48] /a 20
[25/6/2014 2:49:50] /a 20
[25/6/2014 2:49:52] /a 20
[25/6/2014 2:50:0] /a 20
[25/6/2014 2:50:0] /a 20
[25/6/2014 2:50:2] /a 20
[25/6/2014 2:50:8] /a 20
[25/6/2014 2:50:10] /a 20
[25/6/2014 2:50:13] /a 10
[25/6/2014 2:50:19] /a 10
[25/6/2014 2:50:20] /a 10
[25/6/2014 2:50:21] /a 10
[25/6/2014 2:50:34] /a 10
[25/6/2014 2:50:35] /a 10
[25/6/2014 2:50:35] /a 10
[25/6/2014 2:50:37] /a 10
[25/6/2014 2:50:41] /a 5
[25/6/2014 2:50:47] /a 5
[25/6/2014 2:50:48] /a 5
[25/6/2014 2:50:48] /a 5
[25/6/2014 2:50:49] /a 5
[25/6/2014 2:50:51] /a 5
[25/6/2014 2:50:52] /a 5
[25/6/2014 2:50:55] /a 5
[25/6/2014 2:50:56] /a 5
[25/6/2014 2:51:14] /t
[25/6/2014 3:3:24] /reload talkactions
[25/6/2014 3:10:1] /reload talkactions
[26/6/2014 15:0:26] /a 2
[26/6/2014 15:9:5] /reload talkactions
[26/6/2014 15:16:7] /reload creaturescripts
[26/6/2014 15:26:47] /reload creaturescripts
[26/6/2014 15:27:32] /reload creaturescripts
[26/6/2014 15:29:42] /reload creaurescripts
[26/6/2014 15:30:7] /reload creaturescripts
[26/6/2014 15:31:29] /reload creaurescripts
[26/6/2014 15:31:32] /reload creaurescripts
[26/6/2014 15:31:34] /reload creaturescripts
[26/6/2014 17:24:12] /reload creaturescripts
[26/6/2014 17:26:4] /reload creaturescripts
[26/6/2014 17:26:18] /reload creaturescripts
[26/6/2014 17:34:56] /reload creaturescripts
[26/6/2014 17:42:23] /reload creaturescripts
[26/6/2014 17:42:48] /reload creaturescripts
[26/6/2014 17:43:23] /reload creaturescripts
[27/7/2014 3:41:3] /a 3
[27/7/2014 3:41:9] /t
[27/7/2014 3:47:36] /t
[27/7/2014 3:48:59] /start-dota
[27/7/2014 3:51:13] /a 40
[27/7/2014 3:51:15] /a 40
[27/7/2014 3:51:16] /a 40
[27/7/2014 3:51:17] /a 40
[27/7/2014 3:51:18] /a 40
[27/7/2014 3:51:19] /a 40
[27/7/2014 3:51:20] /a 40
[27/7/2014 3:51:21] /a 40
[27/7/2014 3:51:22] /a 40
[27/7/2014 3:51:22] /a 40
[27/7/2014 3:51:23] /a 40
[27/7/2014 3:51:27] /a 10
[27/7/2014 3:51:28] /a 10
[27/7/2014 3:51:29] /a 10
[27/7/2014 3:51:30] /a 10
[27/7/2014 3:51:30] /a 10
[27/7/2014 3:51:31] /a 10
[27/7/2014 3:51:32] /a 10
[27/7/2014 3:51:33] /a 10
[27/7/2014 3:51:34] /a 10
[27/7/2014 3:51:35] /a 10
[27/7/2014 3:51:36] /a 10
[27/7/2014 3:51:37] /a 10
[27/7/2014 3:51:38] /a 10
[27/7/2014 3:51:39] /a 10
[27/7/2014 3:51:39] /a 10
[27/7/2014 3:51:40] /a 10
[27/7/2014 3:51:41] /a 10
[27/7/2014 3:51:41] /a 10
[27/7/2014 3:51:44] /a 5
[27/7/2014 3:51:47] /a 5
[27/7/2014 3:51:48] /a 5
[27/7/2014 3:51:49] /a 5
[27/7/2014 3:51:50] /a 5
[27/7/2014 3:51:50] /a 5
[27/7/2014 3:51:54] /a 5
[27/7/2014 3:51:54] /a 5
[27/7/2014 3:51:55] /a 5
[27/7/2014 3:51:55] /a 5
[27/7/2014 3:51:56] /a 5
[27/7/2014 3:51:57] /a 5
[27/7/2014 3:51:57] /a 5
[27/7/2014 3:51:58] /a 5
[27/7/2014 3:51:59] /a 5
[27/7/2014 3:52:1] /a 5
[27/7/2014 3:52:10] /a 5
[27/7/2014 19:48:12] /a 2
[27/7/2014 19:48:25] /a 3
[27/7/2014 19:48:46] /t
[27/7/2014 19:48:50] /info god raymond
[27/7/2014 19:53:59] /t
[27/7/2014 20:5:2] /addskill Blonder,level,40
[27/7/2014 20:5:47] /c blonder
[27/7/2014 20:8:11] /addskill killero,level,40
[27/7/2014 20:19:43] /goto blonder
[27/7/2014 20:23:16] /c killero
[27/7/2014 20:24:32] /t
[27/7/2014 20:27:25] /reload movements
[27/7/2014 20:38:15] /addskill death,level,40
[27/7/2014 20:38:19] /reload config
[27/7/2014 20:39:20] /addskill killero,level,40
[27/7/2014 20:44:22] /i mysterious pet
[27/7/2014 20:44:38] /i divine frag remover
[27/7/2014 20:45:17] /reload config
[27/7/2014 20:54:44] /r
[27/7/2014 21:26:47] /reload config
[27/7/2014 21:27:42] /t
[27/7/2014 21:27:50] /i divine frag remover
[27/7/2014 21:29:18] /reload mods
[27/7/2014 21:29:43] /reload actions
[27/7/2014 21:55:57] /t
[28/8/2014 11:3:30] /t
[28/8/2014 11:6:58] /t
[28/8/2014 11:10:31] /t
[28/8/2014 11:15:2] /t
[28/8/2014 11:15:16] /a 3
[28/8/2014 11:15:23] /t
[28/8/2014 11:15:42] /a 10
[28/8/2014 11:15:45] /a 10
[28/8/2014 11:15:48] /a 10
[28/8/2014 11:16:0] /a 3
[28/8/2014 11:17:46] /a 3
[28/8/2014 11:18:11] /i 8266
[28/8/2014 11:18:40] /a 3
[28/8/2014 11:18:48] /a 3
[28/8/2014 11:20:22] /reload monsters
[28/8/2014 11:20:45] /reload monsters
[28/8/2014 11:20:59] /m Koshei The Deathless
[28/8/2014 11:25:37] /reload monsters
[28/8/2014 11:25:39] /m Koshei The Deathless
[28/8/2014 11:26:31] /t
[28/8/2014 15:58:13] /a 3
[28/8/2014 18:55:26] /addskill death,level, 50
[28/8/2014 18:56:1] /addskill killero,level, 50
[28/8/2014 19:17:22] /reload creaturescripts
[29/8/2014 0:39:44] /reload creaturescripts
[29/8/2014 0:40:24] /reload creaturescripts
[29/8/2014 0:41:29] /i 2160
[29/8/2014 1:0:35] /reload creaturescripts
[29/8/2014 1:0:53] /reload creaturescripts
[29/8/2014 1:1:36] /reload creaturescripts
[29/8/2014 1:2:34] /reload creaturescripts
[29/8/2014 1:3:5] /reload creaturescripts
[29/8/2014 1:6:38] /reload creaturescripts
[29/8/2014 1:8:32] /reload creaturescripts
[29/8/2014 1:9:48] /reload creaturescripts
[29/8/2014 1:10:27] /reload creaturescripts
[29/8/2014 1:11:25] /reload creaturescripts
[29/8/2014 1:14:50] /reload creaturescripts
[29/8/2014 1:16:10] /reload creaturescripts
[29/8/2014 1:19:12] /reload talkactions
[29/8/2014 17:17:35] /addskill god raymond,level,8
[1/9/2014 0:15:41] /a 3
[1/9/2014 0:16:4] /a 3
[1/9/2014 0:17:7] /up
[1/9/2014 0:17:15] /a 3
[1/9/2014 0:19:10] /reload actions
[1/9/2014 0:19:16] /a 3
[1/9/2014 0:19:24] /t
[1/9/2014 0:20:21] /goto nosfera tus
[1/9/2014 0:21:31] /t
[1/9/2014 15:22:16] /addskill god raymond,level, 14
[1/9/2014 15:22:20] /addskill god raymond,level, 2
[1/9/2014 15:22:41] /reload creaturescripts
[1/9/2014 15:22:49] /reload talkactions
[1/9/2014 15:23:3] /addskill god raymond,level, 15
[1/9/2014 15:23:13] /addskill god raymond,level, 80
[1/9/2014 15:23:37] /addskill god raymond,level, 40
[21/12/2015 1:53:42] /i 2160
[21/12/2015 1:53:42] /i 2160
[21/12/2015 1:54:45] /goto hellgorak
[21/12/2015 1:55:42] /goto ushuriel
[21/12/2015 1:57:25] /a 3
[21/12/2015 1:57:30] /a 3
[21/12/2015 1:57:46] /a 3
[21/12/2015 1:57:53] /a 3
[21/12/2015 1:57:58] /a 3
[21/12/2015 1:58:11] /a 3
[21/12/2015 1:58:18] /down
[21/12/2015 1:58:56] /t
[21/12/2015 1:59:24] /t
[21/12/2015 2:2:52] /t
[21/12/2015 2:3:58] /start-dota
[21/12/2015 2:4:53] /team-dota
[21/12/2015 2:21:8] /start-dota
[21/12/2015 2:21:21] /start-dota
[21/12/2015 2:21:42] /t
[21/12/2015 2:28:42] /t
[21/12/2015 2:31:51] /a 3
[21/12/2015 2:31:55] /a 3
[21/12/2015 2:31:57] /a 3
[21/12/2015 2:32:1] /a 3
[21/12/2015 2:32:1] /a 3
[21/12/2015 2:32:3] /a 3
[21/12/2015 2:32:33] /a 4
[21/12/2015 2:32:51] /a 4
[21/12/2015 2:32:52] /a 4
[21/12/2015 2:32:52] /a 4
[21/12/2015 2:33:22] /a 4
[21/12/2015 2:33:22] /a 4
[21/12/2015 2:33:32] /a 4
[21/12/2015 3:31:56] /t
[21/12/2015 3:38:17] /t
[21/12/2015 3:38:51] /t
[21/12/2015 3:43:25] /reload
[21/12/2015 3:43:42] /reload globalevents
[21/12/2015 3:48:29] /reload globalevents
[21/12/2015 4:0:58] /i 8306
[13/2/2017 19:42:16] /t
[13/2/2017 19:42:33] /t
[13/2/2017 20:1:16] /ghost
[13/2/2017 20:1:18] /ghost
[13/2/2017 20:1:27] /i backpack
[13/2/2017 20:39:4] /vip
[13/2/2017 20:39:9] /vip add GOD Raymond,1
[13/2/2017 20:39:15] /vip
[13/2/2017 20:39:26] /vip add 1 GOD Raymond
[13/2/2017 20:39:41] /t
[13/2/2017 20:39:46] /t
[18/2/2017 14:2:42] /goto esrik
[18/2/2017 14:3:1] /i 2160
[18/2/2017 14:3:16] /i 2160 3
[18/2/2017 14:3:21] /i 2160 
[18/2/2017 14:3:22] /i 2160 
[18/2/2017 14:4:23] /save
[18/2/2017 15:41:16] /t
[18/2/2017 15:41:43] /t
[18/2/2017 15:42:2] /t
[18/2/2017 15:43:41] /a 3
[18/2/2017 15:43:43] /a 3
[18/2/2017 15:44:2] /t
[18/2/2017 15:44:50] /t
[18/2/2017 15:45:7] /r
[18/2/2017 16:27:13] /t
[18/2/2017 16:36:29] /save
[18/2/2017 16:36:41] /t
[18/2/2017 16:37:1] /i 2160
[18/2/2017 16:37:2] /i 2160
[18/2/2017 16:37:2] /i 2160
[18/2/2017 16:37:59] /a 3
[18/2/2017 16:38:8] /t
[18/2/2017 16:38:12] /save
[22/2/2017 11:58:30] /reload creaturescripts
[22/2/2017 11:59:27] /reload creaturescripts
[22/2/2017 12:1:4] /addskill Kfndjosafno,level
[22/2/2017 12:1:6] /addskill Kfndjosafno,level
[22/2/2017 12:1:14] /addskill Kfndjosafno,level
[22/2/2017 12:1:35] /t
[22/2/2017 12:1:46] /reload creatureevents
[1/3/2017 12:31:41] /down
[1/3/2017 12:31:44] /up
[1/3/2017 12:31:49] /a 3
[1/3/2017 12:32:27] /up
[1/3/2017 12:32:30] /a 3
[1/3/2017 12:32:39] /a 3
[3/3/2017 0:21:3] /save
[3/3/2017 0:21:12] /t
[3/3/2017 0:21:19] /save
[3/3/2017 0:22:27] /i fire field rune
[3/3/2017 0:24:1] /t
[3/3/2017 3:22:7] /addskill God Raymond,level,8
[3/3/2017 5:26:59] /addskill god raymond,7
[3/3/2017 5:27:25] /addskill GOD Raymond,7
[3/3/2017 5:27:35] /addskill GOD Raymond, 7
[3/3/2017 5:28:5] /addskill GOD Raymond
[3/3/2017 5:28:24] /addskill GOD Raymond,level
[3/3/2017 5:28:30] /addskill GOD Raymond,level,6
[3/3/2017 5:39:2] /save
[3/3/2017 5:43:22] /addskill GOD Raymond,level,7
[3/3/2017 6:34:44] /reload talkactions
[3/3/2017 6:54:44] /i knght armor
[3/3/2017 6:54:52] /i knight armor
[3/3/2017 8:10:0] !deposit 100000
[3/3/2017 8:12:4] !balance
[3/3/2017 8:12:32] !deposit 10000000
[3/3/2017 8:12:35] !deposit 1000000
[3/3/2017 15:52:43] /reload actions
[3/3/2017 15:53:59] /addskill GOD Raymond,Level
[3/3/2017 15:54:4] /addskill GOD Raymond,Level 191
[3/3/2017 15:54:9] /addskill GOD Raymond,Level, 190
[3/3/2017 15:56:32] /a 6
[3/3/2017 15:56:34] /a 6
[3/3/2017 15:56:44] /a 6
[3/3/2017 15:56:51] /a 6
[3/3/2017 15:56:54] /a 6
[3/3/2017 15:56:55] /a 6
[3/3/2017 15:56:57] /a 3
[3/3/2017 15:57:5] /a 3
[3/3/2017 15:57:7] /a 3
[3/3/2017 15:57:12] /a 3
[3/3/2017 15:58:2] /t
[3/3/2017 15:58:31] /a 3
[3/3/2017 15:58:39] /a 3
[3/3/2017 15:58:48] /a 3
[3/3/2017 15:59:40] /r
[3/3/2017 15:59:47] /r
[3/3/2017 15:59:48] /r
[3/3/2017 15:59:49] /r
[3/3/2017 15:59:50] /r
[3/3/2017 15:59:51] /r
[3/3/2017 15:59:52] /r
[3/3/2017 15:59:54] /r
[3/3/2017 16:6:23] /a 3
[3/3/2017 16:6:26] /a 3
[3/3/2017 16:6:26] /a 3
[3/3/2017 16:6:29] /a 3
[3/3/2017 16:6:32] /a 3
[3/3/2017 16:6:34] /a 3
[3/3/2017 16:6:37] /a 3
[3/3/2017 16:6:38] /a 3
[3/3/2017 16:6:50] /a 3
[3/3/2017 16:6:55] /a 3
[3/3/2017 16:8:4] /t
[3/3/2017 16:8:19] /t
[3/3/2017 16:9:40] /t
[3/3/2017 16:9:47] /a 2
[3/3/2017 16:11:13] /t
[3/3/2017 16:17:22] /a 3
[3/3/2017 16:17:25] /a 3
[3/3/2017 16:17:25] /a 3
[3/3/2017 16:17:28] /a 3
[3/3/2017 16:17:34] /a 3
[3/3/2017 16:17:39] /a 3
[3/3/2017 16:17:40] /a 3
[3/3/2017 16:18:6] /t
[3/3/2017 16:20:21] /a 3
[3/3/2017 16:20:51] /a 3
[3/3/2017 16:20:55] /a 3
[3/3/2017 16:21:5] /a 3
[3/3/2017 16:21:13] /a 3
[3/3/2017 16:21:21] /t
[3/3/2017 16:23:44] /t
[3/3/2017 16:23:49] /t
[3/3/2017 23:55:28] /i fire field
[4/3/2017 15:36:46] /reload spells
[4/3/2017 15:36:51] /reload spells
[4/3/2017 15:37:16] /i sword
[4/3/2017 15:37:20] /i sword
[4/3/2017 15:39:58] /reload spells
[4/3/2017 15:45:0] /reload spells
[4/3/2017 15:46:26] /reload spells
[4/3/2017 15:46:59] /t
[8/3/2017 16:26:57] /ghost
[8/3/2017 17:28:14] /save
[9/3/2017 18:5:10] /a 2
[9/3/2017 18:5:18] /a 2
[9/3/2017 18:5:27] /a 2
[9/3/2017 18:5:45] /a 2
[9/3/2017 18:13:33] /a 3
[9/3/2017 18:15:0] /t
[21/3/2017 1:37:31] /i auto loot
[21/3/2017 1:38:5] /goto hydr
[21/3/2017 1:38:7] /goto hydra
[21/3/2017 1:38:24] /t
[21/3/2017 1:39:3] /t
[13/9/2020 14:34:6] /i vampire lord token
[13/9/2020 14:36:19] /up
[13/9/2020 14:36:26] /down
[13/9/2020 14:36:39] /a
[13/9/2020 14:38:52] /up
[13/9/2020 14:38:59] /a 2
[13/9/2020 14:39:29] /down
[13/9/2020 15:4:23] /t
[13/9/2020 15:6:42] /i flame blade
[13/9/2020 15:6:50] /i magic plate armor
[13/9/2020 15:6:52] /i magic plate armor
[13/9/2020 15:6:55] /i magic plate armor
[13/9/2020 15:6:56] /i magic plate armor
[13/9/2020 15:6:57] /i magic plate armor
[13/9/2020 15:6:57] /i magic plate armor
[13/9/2020 15:6:58] /i magic plate armor
[13/9/2020 15:7:1] /i magic plate armor
[13/9/2020 15:7:2] /i magic plate armor
[13/9/2020 15:7:2] /i magic plate armor
[13/9/2020 15:7:3] /i magic plate armor
[13/9/2020 15:7:3] /i magic plate armor
[13/9/2020 15:7:3] /i magic plate armor
[13/9/2020 15:7:8] /i backpack
[13/9/2020 15:7:31] /i magic plate armor
[13/9/2020 15:7:32] /i magic plate armor
[13/9/2020 15:7:33] /i magic plate armor
[13/9/2020 15:7:34] /i magic plate armor
[13/9/2020 15:7:37] /i magic plate armor
[13/9/2020 15:7:38] /i magic plate armor
[13/9/2020 15:7:39] /i magic plate armor
[13/9/2020 15:7:46] /i magic plate armor
[13/9/2020 15:7:47] /i magic plate armor
[13/9/2020 15:7:47] /i magic plate armor
[13/9/2020 15:7:48] /i magic plate armor
[13/9/2020 15:7:49] /i magic plate armor
[13/9/2020 15:7:49] /i magic plate armor
[13/9/2020 15:7:50] /i magic plate armor
[13/9/2020 15:7:50] /i magic plate armor
[13/9/2020 15:7:51] /i magic plate armor
[13/9/2020 15:7:53] /i magic plate armor
[13/9/2020 15:12:12] /t
[13/9/2020 15:19:37] /clean
[13/9/2020 15:20:30] /goto bioh
[13/9/2020 15:20:35] /a
[13/9/2020 15:21:10] /a
[13/9/2020 15:21:11] /t
[13/9/2020 15:22:0] /goto bioh
[13/9/2020 15:22:18] /t bioh
[13/9/2020 15:22:20] /t
[13/9/2020 15:24:8] /goto bioh
[13/9/2020 15:24:23] /addskill Bioh,level,100
[13/9/2020 15:24:40] /i refinador
[13/9/2020 15:24:49] /i refinador
[13/9/2020 15:24:52] /i refinador
[13/9/2020 15:25:1] /i refinador
[13/9/2020 15:25:5] /i refinador
[13/9/2020 15:25:8] /i refinador
[13/9/2020 15:25:10] /i refinador
[13/9/2020 15:25:29] /i plate legs
[13/9/2020 15:26:17] /goto bioh
[13/9/2020 15:26:40] /t
[13/9/2020 15:26:45] /c bioh
[13/9/2020 15:26:53] /i best wand
[13/9/2020 15:27:2] /s trainer
[13/9/2020 15:27:17] /m giant spider
[13/9/2020 15:27:41] /i best sword
[13/9/2020 15:27:51] /i blade sword
[13/9/2020 15:28:13] /i best boots
[13/9/2020 15:28:30] /i 6132
[13/9/2020 15:28:52] /i parcel
[13/9/2020 15:29:20] /i label
[13/9/2020 15:31:10] /goto bioh
[13/9/2020 15:32:50] /goto bioh
[13/9/2020 15:35:33] /i 2160
[13/9/2020 15:35:45] /i 2160
[13/9/2020 15:35:47] /i 2160
[13/9/2020 15:35:48] /i 2160
[13/9/2020 15:35:49] /i 2160
[13/9/2020 15:35:49] /i 2160
[13/9/2020 15:35:51] /i 2160
[13/9/2020 15:36:7] /i 2160
[13/9/2020 15:36:9] /i 2160
[13/9/2020 18:30:9] /a 2
[13/9/2020 18:30:20] /a 2
[13/9/2020 18:33:6] /ghost
[13/9/2020 18:33:8] /a
[13/9/2020 18:33:10] /goto ratto
[13/9/2020 18:33:17] /ghost
[13/9/2020 18:33:58] /t
[13/9/2020 18:44:23] /t
[13/9/2020 18:44:31] /i addon doll
[13/9/2020 19:8:52] /t ratto
[13/9/2020 19:8:56] /r
[13/9/2020 19:9:15] /goto ratto
[13/9/2020 19:9:28] /s demon
[13/9/2020 19:9:42] /m dragon
[13/9/2020 19:13:27] /goto rodo
[13/9/2020 19:13:38] /i utimate healing
[13/9/2020 19:13:54] /i 2274
[13/9/2020 19:14:1] /i 2275
[13/9/2020 19:14:10] /i 2273
[13/9/2020 19:16:49] /goto ratto
[13/9/2020 19:17:6] /t
[13/9/2020 19:18:21] /t
[13/9/2020 19:18:35] /t
[13/9/2020 19:33:47] /t
[13/9/2020 19:35:1] /t
[13/9/2020 19:35:53] /t
[13/9/2020 19:36:7] /b entra discord IGOR
[13/9/2020 19:36:18] /t
[13/9/2020 19:36:42] /t
[13/9/2020 19:37:11] /t
[13/9/2020 19:38:35] /i pick
[13/9/2020 19:38:48] /i 2554
[13/9/2020 19:39:9] /t
[13/9/2020 19:40:36] /t
[13/9/2020 19:41:6] /t
[13/9/2020 19:43:27] /t
[13/9/2020 19:49:33] /a 5
[13/9/2020 19:49:37] /goto ratto
[13/9/2020 19:49:59] /goto ratto
[13/9/2020 19:50:0] /goto ratto
[13/9/2020 19:54:56] /t
[13/9/2020 19:55:20] /a
[13/9/2020 19:55:42] /i viper star
[13/9/2020 19:55:50] /r
[13/9/2020 19:55:51] /r
[13/9/2020 19:55:56] /r
[13/9/2020 19:55:57] /r 100
[13/9/2020 19:56:48] /t
[13/9/2020 19:58:24] /goto ratto
[13/9/2020 19:58:38] /ghost
[13/9/2020 19:58:50] /t
[13/9/2020 19:59:15] /i Best Bow
[13/9/2020 19:59:23] /i Best Star
[13/9/2020 20:1:22] /i 2160
[13/9/2020 20:1:25] /i 2160
[13/9/2020 20:1:26] /i 2160
[13/9/2020 20:1:27] /i 2160
[13/9/2020 20:1:27] /i 2160
[13/9/2020 20:7:20] /i 8849
[13/9/2020 20:7:28] /r
[13/9/2020 20:7:32] /i 8850
[13/9/2020 20:7:41] /i 8853
[13/9/2020 20:7:52] /i 8851
[13/9/2020 20:8:8] /i 7368
[13/9/2020 20:9:5] /a
[13/9/2020 20:9:6] /ghost
[13/9/2020 20:9:13] /goto django
[13/9/2020 20:9:16] /goto django
[13/9/2020 20:9:40] /t Django
[13/9/2020 20:9:41] /t
[13/9/2020 20:10:2] /t
[13/9/2020 20:13:52] /goto ratto
[13/9/2020 20:13:55] /t
[13/9/2020 20:16:14] /goto krathos
[13/9/2020 20:16:28] /c krathos
[13/9/2020 20:16:36] /ghost
[13/9/2020 20:16:47] /up
[13/9/2020 20:16:51] /down
[13/9/2020 20:16:55] /ghost
[13/9/2020 20:17:5] /i magic wall rune
[13/9/2020 20:17:32] /t
[13/9/2020 20:17:36] /i 2160
[13/9/2020 20:17:58] /ghost
[13/9/2020 20:19:0] /t
[13/9/2020 20:19:8] /t
[13/9/2020 20:19:17] /t
[13/9/2020 20:21:46] /s demon
[13/9/2020 20:21:56] /r
[13/9/2020 20:30:4] /a
[13/9/2020 20:30:7] /ghost
[13/9/2020 20:30:8] /a
[13/9/2020 20:30:10] /ghost
[13/9/2020 20:30:13] /goto krathos
[13/9/2020 20:42:47] /a
[13/9/2020 20:42:48] /ghost
[13/9/2020 20:43:47] /goto ratto
[13/9/2020 20:44:6] /goto ratto
[13/9/2020 20:44:30] /t
[13/9/2020 20:44:40] /s rashied
[13/9/2020 20:44:47] /s Rashid
[13/9/2020 20:44:48] /n Rashid
[13/9/2020 20:44:54] /r
[13/9/2020 21:13:33] /save
[13/9/2020 21:14:20] /a
[13/9/2020 21:14:22] /ghost
[13/9/2020 21:14:24] /a
[13/9/2020 21:15:12] /goto djanga
[13/9/2020 21:15:15] /goto django
[13/9/2020 21:15:23] /a
[13/9/2020 21:15:30] /up
[13/9/2020 21:15:32] /a
[13/9/2020 21:15:35] /c krathos
[13/9/2020 21:15:37] /up
[13/9/2020 21:15:43] /a 
[13/9/2020 21:15:46] /a 2
[13/9/2020 21:15:48] /a 2
[13/9/2020 21:15:49] /up
[13/9/2020 21:16:6] /up
[13/9/2020 21:16:8] /a
[13/9/2020 21:16:10] /up
[13/9/2020 21:16:14] /t django
[13/9/2020 21:16:17] /t krahtos
[13/9/2020 21:16:43] /a
[13/9/2020 21:16:58] /i 407
[13/9/2020 21:17:3] /up
[13/9/2020 21:17:9] /r
[13/9/2020 21:17:10] /a
[13/9/2020 21:17:12] /i 407
[13/9/2020 21:17:13] /r
[13/9/2020 21:17:17] /i 406
[13/9/2020 21:17:20] /r
[13/9/2020 21:17:22] /i 406
[13/9/2020 21:17:23] /r
[13/9/2020 21:17:26] /i 1484
[13/9/2020 21:17:28] /i 1484
[13/9/2020 21:17:34] /i 3688
[13/9/2020 21:17:35] /r
[13/9/2020 21:17:39] /r
[13/9/2020 21:17:39] /r
[13/9/2020 21:17:41] /r
[13/9/2020 21:17:42] /r
[13/9/2020 21:17:43] /r
[13/9/2020 21:17:47] /a
[13/9/2020 21:17:48] /r
[13/9/2020 21:17:49] /r
[13/9/2020 21:17:49] /r
[13/9/2020 21:17:51] /a
[13/9/2020 21:17:52] /r
[13/9/2020 21:18:9] /i 459
[13/9/2020 21:19:9] /t
[13/9/2020 21:23:3] /save
[13/9/2020 21:24:24] /a
[13/9/2020 21:24:25] /ghost
[13/9/2020 21:25:1] /ghost
[13/9/2020 21:25:11] /a
[13/9/2020 21:35:29] /goto django
[13/9/2020 21:35:33] /a
[13/9/2020 21:35:35] /a
[13/9/2020 21:37:46] /a
[13/9/2020 21:37:47] /t
[13/9/2020 21:42:55] /b !infowar
[13/9/2020 21:46:49] /goto ratto
[13/9/2020 21:46:50] /a
[13/9/2020 21:46:51] /ghost
[13/9/2020 21:46:53] /goto ratto
[13/9/2020 21:47:8] /n rodo
[13/9/2020 21:47:14] /n rashied
[13/9/2020 21:47:17] /n donald
[13/9/2020 21:47:20] /t
[13/9/2020 21:47:36] /goto diesel
[13/9/2020 21:47:39] /a
[13/9/2020 21:48:5] /t
[13/9/2020 21:48:10] /goto django
[13/9/2020 21:50:12] /goto ratto
[13/9/2020 21:50:42] /a
[13/9/2020 21:51:51] /goto django
[13/9/2020 21:52:48] /t
[13/9/2020 23:31:23] /i 5879
[13/9/2020 23:31:44] /a 5
[13/9/2020 23:32:23] /i spool of yarn 
[14/9/2020 1:20:34] /b on
[14/9/2020 1:21:12] /r
[14/9/2020 1:22:4] /save
[14/9/2020 1:22:25] /ghost
[14/9/2020 1:22:30] /goto Sex Love
[14/9/2020 1:22:42] /t
[14/9/2020 1:24:47] /b off, terei que sair
[14/9/2020 1:25:47] /t
[14/9/2020 1:25:53] /ghost
[14/9/2020 1:26:4] /ghost
[14/9/2020 1:26:6] /goto rato
[14/9/2020 1:26:13] /ghost
[14/9/2020 1:26:46] /goto Sorczr
[14/9/2020 1:27:20] /t
[14/9/2020 1:27:35] /ghost
[14/9/2020 1:27:38] /goto ratto
[14/9/2020 1:27:59] /c Vacaa H
[14/9/2020 1:28:1] /t
[14/9/2020 1:32:55] /a
[14/9/2020 1:32:57] /goto ratto
[14/9/2020 1:33:3] /c vacaa h
[14/9/2020 1:42:42] /a
[14/9/2020 1:42:44] /goto ratto
[14/9/2020 1:42:52] /c vacaa h
[14/9/2020 1:48:42] /goto ratto
[14/9/2020 1:48:57] /c vacaah
[14/9/2020 1:49:6] /a 
[14/9/2020 1:49:10] /c vacaa h
[14/9/2020 1:49:11] /t
[14/9/2020 1:51:51] /goto ratto
[14/9/2020 1:53:40] /r
[14/9/2020 1:54:5] /c knigth
[14/9/2020 1:54:34] /t
[14/9/2020 2:2:6] /goto ratto
[14/9/2020 2:2:15] /i 7590
[14/9/2020 2:2:17] /i 7590
[14/9/2020 2:2:18] /i 7590
[14/9/2020 2:2:19] /i 7590
[14/9/2020 2:2:19] /i 7590
[14/9/2020 2:2:20] /i 7590
[14/9/2020 2:2:20] /i 7590
[14/9/2020 2:2:21] /i 7590
[14/9/2020 2:2:21] /i 7590
[14/9/2020 2:2:22] /i 7590
[14/9/2020 2:2:22] /i 7590
[14/9/2020 2:2:23] /i 7590
[14/9/2020 2:2:23] /i 7590
[14/9/2020 2:2:24] /i 7590
[14/9/2020 2:2:24] /i 7590
[14/9/2020 2:2:24] /i 7590
[14/9/2020 2:2:25] /i 7590
[14/9/2020 2:2:25] /i 7590
[14/9/2020 2:2:26] /i 7590
[14/9/2020 2:2:26] /i 7590
[14/9/2020 2:2:27] /i 7590
[14/9/2020 2:2:27] /i 7590
[14/9/2020 2:2:29] /t
[14/9/2020 2:9:14] /a
[14/9/2020 2:9:16] /goto ratto
[14/9/2020 2:9:25] /c django 
[14/9/2020 13:19:38] /a
[14/9/2020 13:20:10] /goto Knigth
[14/9/2020 13:20:19] /goto Lolilops
[14/9/2020 13:20:27] /goto cuh pkdor
[14/9/2020 13:20:33] /goto princezinha
[14/9/2020 13:20:44] /goto Khronicoz
[14/9/2020 13:20:51] /goto sex love
[14/9/2020 13:21:9] /goto Royal Chaos
[14/9/2020 13:21:11] /t
[14/9/2020 13:21:29] /ghost
[14/9/2020 13:23:29] /i quest
[14/9/2020 13:44:0] /i 1747
[14/9/2020 13:44:21] /i dwarf axe
[14/9/2020 13:44:25] /i dwarven axe
[14/9/2020 13:44:34] /attr unique 2435
[14/9/2020 13:44:55] /r
[14/9/2020 13:44:56] /r
[14/9/2020 13:44:57] /r
[14/9/2020 13:47:5] /i 10513
[14/9/2020 13:47:52] /down
[14/9/2020 13:47:59] /up
[14/9/2020 13:48:0] /r
[14/9/2020 13:48:2] /down
[14/9/2020 13:48:19] /i 10514
[14/9/2020 13:48:31] /i 10515
[14/9/2020 13:48:38] /i backpack
[14/9/2020 13:48:47] /up
[14/9/2020 13:48:48] /a
[14/9/2020 13:48:58] /i 481
[14/9/2020 13:49:16] /i 10516
[14/9/2020 13:49:22] /i 10511
[14/9/2020 13:49:29] /i 10512
[14/9/2020 13:49:50] /i 9043
[14/9/2020 13:50:26] /i 1747
[14/9/2020 13:50:44] /attr unique 10520
[14/9/2020 13:50:59] /attr unique 10519
[14/9/2020 13:51:5] /attr action 10519
[14/9/2020 13:51:16] /r
[14/9/2020 13:51:28] /i 1747
[14/9/2020 13:51:37] /attr unique 1060 10
[14/9/2020 13:51:42] /r
[14/9/2020 13:51:45] /attr unique 1060
[14/9/2020 13:51:50] /attr unique 1060 (10)
[14/9/2020 13:52:8] /r
[14/9/2020 13:52:32] /i 2435
[14/9/2020 13:53:26] /i 7434
[14/9/2020 13:53:53] /i 7427
[14/9/2020 13:54:33] /i 7429
[14/9/2020 13:54:46] /i 7430
[14/9/2020 13:54:55] /t
[14/9/2020 13:55:42] /i 1747
[14/9/2020 13:55:55] /attr unique 7430
[14/9/2020 13:57:26] /i 2457
[14/9/2020 13:58:28] /i dwarven legs
[14/9/2020 13:58:42] /i plate legs
[14/9/2020 13:59:1] /attr unique 2504
[14/9/2020 13:59:8] /attr unique 2504
[14/9/2020 13:59:15] /attr unique 0
[14/9/2020 13:59:24] /r
[14/9/2020 13:59:26] /i 1747
[14/9/2020 13:59:34] /attr unique 2504
[14/9/2020 13:59:57] /i dwarven armor
[14/9/2020 14:23:40] /r
[14/9/2020 14:23:42] /t
[14/9/2020 14:23:52] /b on
[14/9/2020 14:25:8] /t
[14/9/2020 14:30:57] /m butterfly
[14/9/2020 14:31:5] /m yellow butterfly
[14/9/2020 14:31:25] /m demon butterfly
[14/9/2020 14:38:0] /pos
[14/9/2020 14:48:29] /t
[14/9/2020 14:48:41] /save
[14/9/2020 14:48:44] /save
[14/9/2020 14:49:31] /a
[14/9/2020 14:49:32] /ghost
[14/9/2020 14:49:35] /goto Lolilops
[14/9/2020 14:52:29] /save
[14/9/2020 14:52:51] /save
[14/9/2020 14:52:55] /b voltamos em 30segundos
[14/9/2020 14:52:59] /save
[14/9/2020 14:54:10] /a
[14/9/2020 14:54:12] /ghost
[14/9/2020 14:57:17] /t
[14/9/2020 14:58:54] /a
[14/9/2020 14:58:58] /a
[14/9/2020 14:59:1] /a
[14/9/2020 14:59:30] /a
[14/9/2020 14:59:49] /save
[14/9/2020 15:1:7] /save
[14/9/2020 15:1:17] /save
[14/9/2020 15:2:12] /a 5
[14/9/2020 15:2:13] /a 5
[14/9/2020 15:2:16] /a 5
[14/9/2020 15:2:23] /a
[14/9/2020 15:2:27] /i 1664
[14/9/2020 15:2:29] /r
[14/9/2020 15:3:2] /a
[14/9/2020 15:3:4] /i 7097
[14/9/2020 15:3:6] /r
[14/9/2020 15:3:9] /r
[14/9/2020 15:3:13] /i 7096
[14/9/2020 15:3:17] /i 5315
[14/9/2020 15:48:50] /i soul stone
[14/9/2020 15:48:57] /i ankh 
[14/9/2020 15:48:59] /i ankh 
[14/9/2020 15:48:59] /i ankh 
[14/9/2020 15:49:0] /i ankh 
[14/9/2020 15:49:0] /i ankh 
[14/9/2020 15:49:2] /i ankh 
[14/9/2020 15:49:3] /i ankh 
[14/9/2020 15:49:3] /i ankh 
[14/9/2020 15:49:7] /goto alice
[14/9/2020 15:49:45] /goto Varkhal:
[14/9/2020 15:49:51] /goto Varkhal
[14/9/2020 15:50:9] /i sniper gloves
[14/9/2020 15:50:24] /goto vaca h
[14/9/2020 15:50:25] /t
[14/9/2020 20:38:43] /ghost
[14/9/2020 20:39:19] /i backpack
[14/9/2020 20:39:30] /i 2193
[14/9/2020 20:39:31] /i 2193
[14/9/2020 20:39:33] /i 2193
[14/9/2020 20:39:34] /i 2193
[14/9/2020 20:39:36] /i 2193
[14/9/2020 20:39:38] /i 2193
[14/9/2020 20:39:39] /i 2193
[14/9/2020 20:39:39] /i 2193
[14/9/2020 20:39:41] /i 2193
[14/9/2020 20:39:41] /i 2193
[14/9/2020 20:39:42] /i 2193
[14/9/2020 20:39:45] /i 2193
[14/9/2020 20:39:46] /i 2193
[14/9/2020 20:39:54] /i 2193
[14/9/2020 20:40:9] /i soul stone
[14/9/2020 20:40:14] /i backpack
[14/9/2020 20:40:25] /i fire sword,
[14/9/2020 20:40:29] /i backpack
[14/9/2020 20:40:35] /i backpack
[14/9/2020 20:40:36] /i backpack
[14/9/2020 20:40:36] /i backpack
[14/9/2020 20:41:3] /i backpack
[14/9/2020 20:41:11] /i fire sword
[14/9/2020 20:41:12] /i fire sword
[14/9/2020 20:41:12] /i fire sword
[14/9/2020 20:41:13] /i fire sword
[14/9/2020 20:41:14] /i fire sword
[14/9/2020 20:41:14] /i fire sword
[14/9/2020 20:41:15] /i fire sword
[14/9/2020 20:41:19] /i fire sword
[14/9/2020 20:41:20] /i fire sword
[14/9/2020 20:41:20] /i fire sword
[14/9/2020 20:41:20] /i fire sword
[14/9/2020 20:41:21] /i fire sword
[14/9/2020 20:41:21] /i fire sword
[14/9/2020 20:41:22] /i fire sword
[14/9/2020 20:41:22] /i fire sword
[14/9/2020 20:41:22] /i fire sword
[14/9/2020 20:41:23] /i fire sword
[14/9/2020 20:41:23] /i fire sword
[14/9/2020 20:41:23] /i fire sword
[14/9/2020 20:41:24] /i fire sword
[14/9/2020 20:41:24] /i fire sword
[14/9/2020 20:41:25] /i fire sword
[14/9/2020 20:41:25] /i fire sword
[14/9/2020 20:41:47] /i fire sword
[14/9/2020 20:41:59] /i fire sword
[14/9/2020 20:42:0] /i fire sword
[14/9/2020 20:42:0] /i fire sword
[14/9/2020 20:42:1] /i fire sword
[14/9/2020 20:42:12] /i fire sword
[14/9/2020 20:42:26] /i snakebite rod
[14/9/2020 20:42:31] /i moonlight rod
[14/9/2020 20:42:38] /i necrotic rod
[14/9/2020 20:42:44] /i northwind rod
[14/9/2020 20:42:47] /i terra rod
[14/9/2020 20:42:53] /i hailstorm rod
[14/9/2020 20:42:59] /i wand of vortex
[14/9/2020 20:43:24] /i wand of dragonbreath
[14/9/2020 20:43:31] /i wand of decay
[14/9/2020 20:43:38] /i wand of draconia
[14/9/2020 20:43:45] /i wand of cosmic energy
[14/9/2020 20:43:54] /i wand of inferno
[14/9/2020 20:44:22] /c Vacaa H
[14/9/2020 20:46:44] /a
[14/9/2020 20:46:46] /ghost
[14/9/2020 20:46:51] /ghost
[14/9/2020 20:47:6] /a 50
[14/9/2020 20:47:11] /save
[14/9/2020 20:49:46] /t
[14/9/2020 21:9:31] /t
[14/9/2020 21:12:18] /b Desculpa o incomodo, ja resolvemos o problema!! Bomm jogo
[14/9/2020 23:1:17] /a
[14/9/2020 23:1:19] /ghost
[14/9/2020 23:1:22] /goto ratto
[14/9/2020 23:1:34] /c knigth
[14/9/2020 23:1:58] /i 7590
[14/9/2020 23:1:59] /i 7590[
[14/9/2020 23:2:1] /i 7590
[14/9/2020 23:2:2] /i 7590
[14/9/2020 23:2:2] /i 7590
[14/9/2020 23:2:3] /i 7590
[14/9/2020 23:2:3] /i 7590
[14/9/2020 23:2:4] /i 7590
[14/9/2020 23:2:49] /r
[14/9/2020 23:2:50] /r
[14/9/2020 23:2:51] /r
[14/9/2020 23:2:53] /r
[14/9/2020 23:2:55] /r
[14/9/2020 23:3:0] /i 7590
[14/9/2020 23:3:1] /i 7590
[14/9/2020 23:3:1] /i 7590
[14/9/2020 23:3:2] /i 7590
[14/9/2020 23:3:2] /i 7590
[14/9/2020 23:3:3] /i 7590
[14/9/2020 23:3:4] /i 7590
[14/9/2020 23:3:4] /i 7590
[14/9/2020 23:3:5] /i 7590
[14/9/2020 23:3:5] /i 7590
[14/9/2020 23:3:6] /i 7590
[14/9/2020 23:3:6] /i 7590
[14/9/2020 23:3:7] /i 7590
[14/9/2020 23:3:7] /i 7590
[14/9/2020 23:3:8] /i 7590
[14/9/2020 23:3:8] /i 7590
[14/9/2020 23:3:9] /i 7590
[14/9/2020 23:3:9] /i 7590
[14/9/2020 23:3:11] /t
[14/9/2020 23:4:43] /a
[14/9/2020 23:4:46] /goto ratto
[14/9/2020 23:4:53] /c knigth
[14/9/2020 23:25:6] /t
[14/9/2020 23:25:10] /ghost
[14/9/2020 23:28:55] /a
[14/9/2020 23:29:3] /i 1664
[14/9/2020 23:29:6] /r
[14/9/2020 23:29:13] /b on
[14/9/2020 23:29:15] /t
[14/9/2020 23:39:49] /t vacaa h
[14/9/2020 23:42:30] /ghost
[14/9/2020 23:44:20] /goto krathos
[14/9/2020 23:44:22] /ghost
[14/9/2020 23:44:23] /goto krathos
[14/9/2020 23:44:28] /goto krathos
[14/9/2020 23:44:38] /goto krathos
[14/9/2020 23:45:16] /a 2
[14/9/2020 23:45:28] /goto krathos
[14/9/2020 23:45:34] /i royal crossbow
[14/9/2020 23:46:32] /i devileye
[14/9/2020 23:46:39] /i backpack
[14/9/2020 23:47:4] /addskill Krathos,level,4
[14/9/2020 23:47:7] /goto krathos
[14/9/2020 23:47:14] /addskill Krathos,level,2
[14/9/2020 23:47:29] /s treiner
[14/9/2020 23:47:32] /s target
[14/9/2020 23:48:22] /info krathos
[14/9/2020 23:48:33] /a
[14/9/2020 23:48:38] /r
[14/9/2020 23:49:44] /a
[14/9/2020 23:49:49] /t
[15/9/2020 0:52:37] /goto vacaa h
[15/9/2020 0:52:43] /a 10
[15/9/2020 0:52:50] /i 2160
[15/9/2020 0:53:23] /t
[15/9/2020 1:9:22] /a
[15/9/2020 1:9:26] /goto ratto
[15/9/2020 1:10:20] /c rato
[15/9/2020 1:10:21] /c ratto
[15/9/2020 1:10:31] /r
[15/9/2020 1:10:32] /r
[15/9/2020 1:10:35] /r
[15/9/2020 1:11:25] /ghost
[15/9/2020 1:11:30] /goto django
[15/9/2020 1:11:33] /i axe
[15/9/2020 1:11:35] /i axe
[15/9/2020 1:11:36] /goto django
[15/9/2020 1:11:40] /goto django
[15/9/2020 1:11:42] /goto django
[15/9/2020 1:11:51] /goto django
[15/9/2020 1:11:52] /goto django
[15/9/2020 1:12:8] /goto django
[15/9/2020 1:12:40] /goto ratto
[15/9/2020 1:12:42] /goto ratto
[15/9/2020 1:12:48] /goto ratto
[15/9/2020 1:13:8] /goto ratto
[15/9/2020 1:14:47] /t
[15/9/2020 1:14:55] /t Cuh Pkdor
[15/9/2020 1:15:33] /a
[15/9/2020 1:15:35] /goto ratto
[15/9/2020 1:15:47] /ghost
[15/9/2020 1:15:52] /ghost
[15/9/2020 1:16:1] /ghost
[15/9/2020 1:16:6] /ghost
[15/9/2020 1:16:16] /t
[15/9/2020 1:16:27] /ghost
[15/9/2020 1:17:5] /i axe
[15/9/2020 1:31:39] /i 2160 
[15/9/2020 1:31:40] /i 2160 
[15/9/2020 1:31:41] /i 2160 
[15/9/2020 1:31:41] /i 2160 
[15/9/2020 1:31:42] /i 2160 
[15/9/2020 1:31:43] /i 2160 
[15/9/2020 1:49:26] /a
[15/9/2020 1:49:28] /save
[15/9/2020 1:49:33] /save
[15/9/2020 1:49:37] /reload config
[15/9/2020 1:49:40] /ghost
[15/9/2020 1:49:43] /a
[15/9/2020 1:49:45] /ghost
[15/9/2020 1:50:8] /goto django
[15/9/2020 1:50:13] /ghost
[15/9/2020 1:50:21] /goto knigth
[15/9/2020 1:50:35] /c krathos
[15/9/2020 1:50:40] /s target
[15/9/2020 1:50:45] /ghost
[15/9/2020 1:51:9] /reload config
[15/9/2020 1:51:12] /save
[15/9/2020 1:51:28] /i magic wall rune
[15/9/2020 1:51:45] /r
[15/9/2020 1:51:49] /ghost
[15/9/2020 1:51:56] /t
[15/9/2020 1:52:1] /goto krathos
[15/9/2020 1:52:4] /s target
[15/9/2020 1:52:12] /ghost
[15/9/2020 1:52:35] /r
[15/9/2020 1:52:40] /s target
[15/9/2020 1:52:59] /s target
[15/9/2020 1:53:28] /r
[15/9/2020 1:53:36] /save
[15/9/2020 1:53:38] /reload config
[15/9/2020 1:54:12] /reload config
[15/9/2020 1:55:5] /t Krathos
[15/9/2020 1:55:7] /r
[15/9/2020 1:55:9] /s demon
[15/9/2020 1:55:16] /r
[15/9/2020 1:55:19] /a
[15/9/2020 1:55:20] /ghost
[15/9/2020 1:55:21] /t
[15/9/2020 2:0:22] /save
[15/9/2020 2:0:26] /reload config
[15/9/2020 2:7:0] /a
[15/9/2020 2:7:21] /r
[15/9/2020 2:7:46] /r
[15/9/2020 2:8:24] /a
[15/9/2020 2:9:18] /t
[15/9/2020 2:9:24] /ghost
[15/9/2020 2:9:42] /a
[15/9/2020 2:10:9] /t
[15/9/2020 2:18:59] /t
[15/9/2020 2:19:47] /c Vacaa H
[15/9/2020 2:20:7] /goto Vacaa H
[15/9/2020 2:20:11] /down
[15/9/2020 2:20:23] /pos
[15/9/2020 2:20:44] /down
[15/9/2020 2:22:39] /pos
[15/9/2020 2:23:53] /down
[15/9/2020 2:23:59] /goto anderson
[15/9/2020 2:24:9] /c vacaa h
[15/9/2020 2:24:39] /goto vacaa h
[15/9/2020 2:24:42] /a 5
[15/9/2020 2:25:2] /t
[15/9/2020 2:25:30] /goto anderson
[15/9/2020 2:25:33] /c vacaa h
[15/9/2020 2:26:0] /goto vacaa h
[15/9/2020 2:26:5] /pos
[15/9/2020 2:26:36] /goto anderson
[15/9/2020 2:33:17] /a
[15/9/2020 2:34:7] /t
[15/9/2020 2:35:48] /down
[15/9/2020 2:35:52] /s Eremo
[15/9/2020 2:35:54] /n Eremo
[15/9/2020 2:36:10] /r
[15/9/2020 2:36:19] /n Dimral
[15/9/2020 2:36:32] /r
[15/9/2020 2:45:35] /ghost
[15/9/2020 2:45:55] /i demon helmet
[15/9/2020 2:45:59] /i steel boot
[15/9/2020 2:46:2] /i steel boots
[15/9/2020 2:51:23] /i 1747
[15/9/2020 2:51:25] /i axe
[15/9/2020 2:51:53] /attr action 2386
[15/9/2020 2:52:2] /attr action 0
[15/9/2020 2:52:15] /attr unique 2386
[15/9/2020 2:53:15] /r
[15/9/2020 2:53:22] /i hallowed axe
[15/9/2020 3:3:59] /t
[15/9/2020 3:9:16] /goto dark rodo
[15/9/2020 3:9:51] /m lost soul
[15/9/2020 3:10:14] /i 2274
[15/9/2020 3:10:36] /i 2281
[15/9/2020 3:10:41] /a
[15/9/2020 3:19:12] /t
[15/9/2020 3:19:16] /a
[15/9/2020 3:19:19] /pos
[15/9/2020 3:19:35] /ghost
[15/9/2020 3:23:15] /goto krathos
[15/9/2020 3:23:20] /t
[15/9/2020 3:23:30] /c krathos
[15/9/2020 3:23:52] /goto krathos
[15/9/2020 3:24:42] /goto krathos
[15/9/2020 3:24:53] /up
[15/9/2020 3:25:0] /pos
[15/9/2020 3:26:15] /t
[15/9/2020 3:27:13] /a 5
[15/9/2020 3:27:29] /i 430
[15/9/2020 3:27:34] /i 430
[15/9/2020 3:27:39] /r
[15/9/2020 3:27:41] /r
[15/9/2020 3:27:42] /r
[15/9/2020 3:27:54] /i 430
[15/9/2020 3:28:24] /a 5
[15/9/2020 3:28:55] /a
[15/9/2020 3:29:2] /a 5
[15/9/2020 3:29:3] /a 5
[15/9/2020 3:29:5] /a 5
[15/9/2020 3:29:7] /a 5
[15/9/2020 3:29:7] /a 5
[15/9/2020 3:29:8] /a 5
[15/9/2020 3:29:8] /a 5
[15/9/2020 3:29:9] /a 5
[15/9/2020 3:29:9] /a 5
[15/9/2020 3:29:10] /a 5
[15/9/2020 3:29:11] /a 5
[15/9/2020 3:29:40] /c krathos
[15/9/2020 3:30:36] /a 5
[15/9/2020 3:31:17] /a /a 
[15/9/2020 3:31:19] /a 
[15/9/2020 3:31:50] /a 5
[15/9/2020 3:31:51] /a 5
[15/9/2020 3:31:52] /a 5
[15/9/2020 3:31:55] /a 
[15/9/2020 3:31:59] /a 
[15/9/2020 3:32:0] /a 
[15/9/2020 3:32:3] /a 
[15/9/2020 3:32:7] /a
[15/9/2020 3:32:9] /a 
[15/9/2020 3:32:10] /a 
[15/9/2020 3:32:10] /a 
[15/9/2020 3:32:11] /a 
[15/9/2020 3:32:11] /a 
[15/9/2020 3:32:12] /a 
[15/9/2020 3:32:14] /a 
[15/9/2020 3:32:21] /a 5
[15/9/2020 3:32:30] /a 5
[15/9/2020 3:32:31] /a 5
[15/9/2020 3:32:31] /a 5
[15/9/2020 3:32:32] /a 5
[15/9/2020 3:32:33] /a 5
[15/9/2020 3:32:34] /a 5
[15/9/2020 3:32:35] /a 5
[15/9/2020 3:32:40] /c krathos
[15/9/2020 3:33:35] /r
[15/9/2020 3:33:40] /r
[15/9/2020 3:33:43] /a
[15/9/2020 3:33:53] /a
[15/9/2020 3:34:27] /t
[15/9/2020 3:34:32] /a 30
[15/9/2020 3:34:37] /c krathos
[15/9/2020 3:34:51] /goto krathos
[15/9/2020 3:35:3] /a 30
[15/9/2020 3:35:4] /a 30
[15/9/2020 3:35:6] /a 30
[15/9/2020 3:35:23] /t
[15/9/2020 3:35:29] /a 30
[15/9/2020 3:35:54] /goto krathos
[15/9/2020 3:36:59] /goto krathos
[15/9/2020 3:38:10] /goto krathos
[15/9/2020 3:38:17] /t
[15/9/2020 3:44:9] /a 30
[15/9/2020 3:50:4] /down
[15/9/2020 3:51:53] /a 2
[15/9/2020 3:52:0] /a 2
[15/9/2020 3:54:58] /t
[15/9/2020 3:55:18] /a
[15/9/2020 3:56:23] /a
[15/9/2020 3:58:33] /a
[15/9/2020 3:58:35] /i 407
[15/9/2020 4:0:39] /down
[15/9/2020 4:0:41] /a 20
[15/9/2020 4:0:53] /a 5
[15/9/2020 4:1:29] /a 5
[15/9/2020 4:1:30] /a 5
[15/9/2020 4:1:31] /a 5
[15/9/2020 4:1:33] /a 
[15/9/2020 4:1:34] /a 
[15/9/2020 4:1:35] /a 
[15/9/2020 4:1:37] /a 5
[15/9/2020 4:3:37] /a
[15/9/2020 4:3:39] /a
[15/9/2020 4:5:43] /a 2
[15/9/2020 4:5:45] /a 
[15/9/2020 4:5:52] /a 3
[15/9/2020 4:5:53] /a 3
[15/9/2020 4:5:55] /a
[15/9/2020 4:5:57] /a
[15/9/2020 4:5:57] /a
[15/9/2020 4:5:58] /a
[15/9/2020 4:5:59] /a
[15/9/2020 4:5:59] /a
[15/9/2020 4:6:0] /a
[15/9/2020 4:7:2] /a 5
[15/9/2020 4:7:3] /a 5
[15/9/2020 4:7:4] /a 5
[15/9/2020 4:7:6] /a 
[15/9/2020 4:7:7] /a 
[15/9/2020 4:7:52] /a 5
[15/9/2020 4:8:3] /r
[15/9/2020 4:8:5] /r
[15/9/2020 4:8:32] /a 5
[15/9/2020 4:8:35] /a 5
[15/9/2020 4:8:36] /a 5
[15/9/2020 4:8:36] /a 5
[15/9/2020 4:8:37] /a 5
[15/9/2020 4:8:37] /a 5
[15/9/2020 4:8:38] /a 5
[15/9/2020 4:8:59] /a
[15/9/2020 4:10:34] /a 5
[15/9/2020 4:10:35] /a 5
[15/9/2020 4:10:35] /a 5
[15/9/2020 4:10:36] /a 5
[15/9/2020 4:10:52] /a
[15/9/2020 4:11:1] /i 1498
[15/9/2020 4:11:5] /i 1498
[15/9/2020 4:11:10] /i 1497
[15/9/2020 4:11:58] /t
[15/9/2020 4:12:47] /down
[15/9/2020 4:12:49] /a 30
[15/9/2020 4:12:50] /a 30
[15/9/2020 4:12:53] /a
[15/9/2020 4:14:32] /t
[15/9/2020 4:14:45] /t
[15/9/2020 14:1:40] /a 25
[15/9/2020 14:1:41] /a 25
[15/9/2020 14:1:55] /a 25
[15/9/2020 14:1:55] /a 25
[15/9/2020 14:2:19] /b on
[15/9/2020 14:2:20] /a 25
[15/9/2020 14:2:22] /a 25
[15/9/2020 14:2:29] /goto Joker
[15/9/2020 14:2:40] /save
[15/9/2020 14:2:46] /reload config
[15/9/2020 14:2:56] /t
[15/9/2020 14:4:6] /goto joker
[15/9/2020 14:5:2] /t
[15/9/2020 14:7:23] /goto Joker
[15/9/2020 14:7:47] /b off
[15/9/2020 14:8:9] /b Estou configurando o War Castle moada sera 24hr, hunt exclusivas e premiaoes
[15/9/2020 14:10:31] /goto Joker
[15/9/2020 14:10:34] /a
[15/9/2020 14:11:52] /t
[15/9/2020 14:15:56] /t
[15/9/2020 14:16:4] /a 20
[15/9/2020 14:34:45] /t
[15/9/2020 14:34:47] /a 30
[15/9/2020 14:35:24] /goto Lolilops
[15/9/2020 14:37:35] /pos
[15/9/2020 14:42:0] /t
[15/9/2020 14:42:22] /b on, tudo pronto ja!!
[15/9/2020 14:43:52] /b Pkdores vou fechar e abrir o servidor, alguem quer que puxe pro Templo?
[15/9/2020 14:44:20] /t Lolilops
[15/9/2020 14:44:54] /save
[15/9/2020 14:44:58] /save
[15/9/2020 14:45:5] /save
[15/9/2020 14:45:11] /b voltamos em 30segundos
[15/9/2020 14:45:13] /save
[15/9/2020 14:45:29] /b 11:46
[15/9/2020 14:45:32] /save
[15/9/2020 14:45:42] /save
[15/9/2020 14:45:52] /save
[15/9/2020 14:45:59] /save
[15/9/2020 14:46:19] /b Prontinho
[15/9/2020 14:48:23] /i 2160
[15/9/2020 14:49:11] /goto Lolilops
[15/9/2020 14:50:59] /b War castle 100% teleport no templo
[15/9/2020 14:51:5] /a 25
[15/9/2020 14:51:7] /a 2
[15/9/2020 18:31:45] /goto Krathos
[15/9/2020 18:32:0] /addskill Krathos, magic
[15/9/2020 18:32:5] /addskill Krathos, magic
[15/9/2020 18:32:5] /addskill Krathos, magic
[15/9/2020 18:32:6] /addskill Krathos, magic
[15/9/2020 18:32:8] /addskill Krathos, magic
[15/9/2020 18:32:8] /addskill Krathos, magic
[15/9/2020 18:32:18] /addskill Krathos, magic
[15/9/2020 18:32:19] /addskill Krathos, magic
[15/9/2020 18:32:19] /addskill Krathos, magic
[15/9/2020 18:32:20] /addskill Krathos, magic
[15/9/2020 18:32:20] /addskill Krathos, magic
[15/9/2020 18:32:22] /addskill Krathos, magic
[15/9/2020 18:32:22] /addskill Krathos, magic
[15/9/2020 18:32:23] /addskill Krathos, magic
[15/9/2020 18:32:23] /addskill Krathos, magic
[15/9/2020 18:32:25] /addskill Krathos, magic
[15/9/2020 18:32:56] /addskill Krathos, magic
[15/9/2020 18:32:57] /addskill Krathos, magic
[15/9/2020 18:32:58] /addskill Krathos, magic
[15/9/2020 18:32:58] /addskill Krathos, magic
[15/9/2020 18:33:10] /t
[15/9/2020 15:39:29] /addskill Krathos, distance
[15/9/2020 15:39:47] /addskill Krathos, distance
[15/9/2020 15:39:48] /addskill Krathos, distance
[15/9/2020 15:39:49] /addskill Krathos, distance
[15/9/2020 15:39:49] /addskill Krathos, distance
[15/9/2020 15:39:50] /addskill Krathos, distance
[15/9/2020 15:39:50] /addskill Krathos, distance
[15/9/2020 15:39:51] /addskill Krathos, distance
[15/9/2020 15:39:51] /addskill Krathos, distance
[15/9/2020 15:39:52] /addskill Krathos, distance
[15/9/2020 15:39:52] /addskill Krathos, distance
[15/9/2020 15:39:53] /addskill Krathos, distance
[15/9/2020 15:39:53] /addskill Krathos, distance
[15/9/2020 15:46:43] /ghost
[15/9/2020 15:49:57] /i 7443
[15/9/2020 15:50:28] /goto Krathos
[15/9/2020 15:50:45] /t
[15/9/2020 15:51:52] /i 8888
[15/9/2020 15:52:11] /i 9777
[15/9/2020 15:52:20] /i 12606
[15/9/2020 15:52:37] /goto Krathos
[15/9/2020 15:53:10] /t
